# JRE version: Java(TM) SE Runtime Environment (8.0_181-b13) (build 1.8.0_181-b13)
# Java VM: Java HotSpot(TM) 64-Bit Server VM (25.181-b13 mixed mode windows-amd64 compressed oops)
Heap:
 PSYoungGen      total 118784K, used 99521K [0x00000000f5580000, 0x0000000100000000, 0x0000000100000000)
  eden space 108032K, 82% used [0x00000000f5580000,0x00000000fac36f10,0x00000000fbf00000)
  from space 10752K, 99% used [0x00000000fd380000,0x00000000fddf9850,0x00000000fde00000)
  to   space 20992K, 0% used [0x00000000fbf00000,0x00000000fbf00000,0x00000000fd380000)
 ParOldGen       total 175104K, used 42513K [0x00000000e0000000, 0x00000000eab00000, 0x00000000f5580000)
  object space 175104K, 24% used [0x00000000e0000000,0x00000000e2984698,0x00000000eab00000)
 Metaspace       used 50380K, capacity 53482K, committed 53760K, reserved 1095680K
  class space    used 7174K, capacity 7854K, committed 7936K, reserved 1048576K
GC Heap History (10 events):
Event: 90.110 GC heap before
{Heap before GC invocations=6 (full 1):
 PSYoungGen      total 126976K, used 109688K [0x00000000f5580000, 0x00000000fe800000, 0x0000000100000000)
  eden space 118784K, 85% used [0x00000000f5580000,0x00000000fb8fee38,0x00000000fc980000)
  from space 8192K, 95% used [0x00000000fe000000,0x00000000fe79f3e0,0x00000000fe800000)
  to   space 10752K, 0% used [0x00000000fd300000,0x00000000fd300000,0x00000000fdd80000)
 ParOldGen       total 175104K, used 9917K [0x00000000e0000000, 0x00000000eab00000, 0x00000000f5580000)
  object space 175104K, 5% used [0x00000000e0000000,0x00000000e09af670,0x00000000eab00000)
 Metaspace       used 34643K, capacity 35358K, committed 35416K, reserved 1079296K
  class space    used 4880K, capacity 5085K, committed 5120K, reserved 1048576K
Event: 90.122 GC heap after
Heap after GC invocations=6 (full 1):
 PSYoungGen      total 125952K, used 10746K [0x00000000f5580000, 0x00000000fe080000, 0x0000000100000000)
  eden space 115200K, 0% used [0x00000000f5580000,0x00000000f5580000,0x00000000fc600000)
  from space 10752K, 99% used [0x00000000fd300000,0x00000000fdd7eb68,0x00000000fdd80000)
  to   space 3072K, 0% used [0x00000000fdd80000,0x00000000fdd80000,0x00000000fe080000)
 ParOldGen       total 175104K, used 10663K [0x00000000e0000000, 0x00000000eab00000, 0x00000000f5580000)
  object space 175104K, 6% used [0x00000000e0000000,0x00000000e0a69f10,0x00000000eab00000)
 Metaspace       used 34643K, capacity 35358K, committed 35416K, reserved 1079296K
  class space    used 4880K, capacity 5085K, committed 5120K, reserved 1048576K
}
Event: 90.122 GC heap before
{Heap before GC invocations=7 (full 2):
 PSYoungGen      total 125952K, used 10746K [0x00000000f5580000, 0x00000000fe080000, 0x0000000100000000)
  eden space 115200K, 0% used [0x00000000f5580000,0x00000000f5580000,0x00000000fc600000)
  from space 10752K, 99% used [0x00000000fd300000,0x00000000fdd7eb68,0x00000000fdd80000)
  to   space 3072K, 0% used [0x00000000fdd80000,0x00000000fdd80000,0x00000000fe080000)
 ParOldGen       total 175104K, used 10663K [0x00000000e0000000, 0x00000000eab00000, 0x00000000f5580000)
  object space 175104K, 6% used [0x00000000e0000000,0x00000000e0a69f10,0x00000000eab00000)
 Metaspace       used 34643K, capacity 35358K, committed 35416K, reserved 1079296K
  class space    used 4880K, capacity 5085K, committed 5120K, reserved 1048576K
Event: 90.164 GC heap after
Heap after GC invocations=7 (full 2):
 PSYoungGen      total 125952K, used 0K [0x00000000f5580000, 0x00000000fe080000, 0x0000000100000000)
  eden space 115200K, 0% used [0x00000000f5580000,0x00000000f5580000,0x00000000fc600000)
  from space 10752K, 0% used [0x00000000fd300000,0x00000000fd300000,0x00000000fdd80000)
  to   space 3072K, 0% used [0x00000000fdd80000,0x00000000fdd80000,0x00000000fe080000)
 ParOldGen       total 175104K, used 17919K [0x00000000e0000000, 0x00000000eab00000, 0x00000000f5580000)
  object space 175104K, 10% used [0x00000000e0000000,0x00000000e117fd18,0x00000000eab00000)
 Metaspace       used 34643K, capacity 35358K, committed 35416K, reserved 1079296K
  class space    used 4880K, capacity 5085K, committed 5120K, reserved 1048576K
}
Event: 97.325 GC heap before
{Heap before GC invocations=8 (full 2):
 PSYoungGen      total 125952K, used 115200K [0x00000000f5580000, 0x00000000fe080000, 0x0000000100000000)
  eden space 115200K, 100% used [0x00000000f5580000,0x00000000fc600000,0x00000000fc600000)
  from space 10752K, 0% used [0x00000000fd300000,0x00000000fd300000,0x00000000fdd80000)
  to   space 3072K, 0% used [0x00000000fdd80000,0x00000000fdd80000,0x00000000fe080000)
 ParOldGen       total 175104K, used 17919K [0x00000000e0000000, 0x00000000eab00000, 0x00000000f5580000)
  object space 175104K, 10% used [0x00000000e0000000,0x00000000e117fd18,0x00000000eab00000)
 Metaspace       used 40198K, capacity 41240K, committed 41472K, reserved 1085440K
  class space    used 5820K, capacity 6091K, committed 6144K, reserved 1048576K
Event: 97.333 GC heap after
Heap after GC invocations=8 (full 2):
 PSYoungGen      total 115200K, used 3040K [0x00000000f5580000, 0x00000000fe080000, 0x0000000100000000)
  eden space 112128K, 0% used [0x00000000f5580000,0x00000000f5580000,0x00000000fc300000)
  from space 3072K, 98% used [0x00000000fdd80000,0x00000000fe078020,0x00000000fe080000)
  to   space 12800K, 0% used [0x00000000fc780000,0x00000000fc780000,0x00000000fd400000)
 ParOldGen       total 175104K, used 24685K [0x00000000e0000000, 0x00000000eab00000, 0x00000000f5580000)
  object space 175104K, 14% used [0x00000000e0000000,0x00000000e181b418,0x00000000eab00000)
 Metaspace       used 40198K, capacity 41240K, committed 41472K, reserved 1085440K
  class space    used 5820K, capacity 6091K, committed 6144K, reserved 1048576K
}
Event: 104.905 GC heap before
{Heap before GC invocations=9 (full 2):
 PSYoungGen      total 115200K, used 115168K [0x00000000f5580000, 0x00000000fe080000, 0x0000000100000000)
  eden space 112128K, 100% used [0x00000000f5580000,0x00000000fc300000,0x00000000fc300000)
  from space 3072K, 98% used [0x00000000fdd80000,0x00000000fe078020,0x00000000fe080000)
  to   space 12800K, 0% used [0x00000000fc780000,0x00000000fc780000,0x00000000fd400000)
 ParOldGen       total 175104K, used 24685K [0x00000000e0000000, 0x00000000eab00000, 0x00000000f5580000)
  object space 175104K, 14% used [0x00000000e0000000,0x00000000e181b418,0x00000000eab00000)
 Metaspace       used 43616K, capacity 44870K, committed 45056K, reserved 1087488K
  class space    used 6266K, capacity 6641K, committed 6656K, reserved 1048576K
Event: 104.972 GC heap after
Heap after GC invocations=9 (full 2):
 PSYoungGen      total 121344K, used 12121K [0x00000000f5580000, 0x00000000fde00000, 0x0000000100000000)
  eden space 109056K, 0% used [0x00000000f5580000,0x00000000f5580000,0x00000000fc000000)
  from space 12288K, 98% used [0x00000000fc780000,0x00000000fd356628,0x00000000fd380000)
  to   space 10752K, 0% used [0x00000000fd380000,0x00000000fd380000,0x00000000fde00000)
 ParOldGen       total 175104K, used 24685K [0x00000000e0000000, 0x00000000eab00000, 0x00000000f5580000)
  object space 175104K, 14% used [0x00000000e0000000,0x00000000e181b418,0x00000000eab00000)
 Metaspace       used 43616K, capacity 44870K, committed 45056K, reserved 1087488K
  class space    used 6266K, capacity 6641K, committed 6656K, reserved 1048576K
}
Event: 108.196 GC heap before
{Heap before GC invocations=10 (full 2):
 PSYoungGen      total 121344K, used 121177K [0x00000000f5580000, 0x00000000fde00000, 0x0000000100000000)
  eden space 109056K, 100% used [0x00000000f5580000,0x00000000fc000000,0x00000000fc000000)
  from space 12288K, 98% used [0x00000000fc780000,0x00000000fd356628,0x00000000fd380000)
  to   space 10752K, 0% used [0x00000000fd380000,0x00000000fd380000,0x00000000fde00000)
 ParOldGen       total 175104K, used 24685K [0x00000000e0000000, 0x00000000eab00000, 0x00000000f5580000)
  object space 175104K, 14% used [0x00000000e0000000,0x00000000e181b418,0x00000000eab00000)
 Metaspace       used 46603K, capacity 49030K, committed 49152K, reserved 1091584K
  class space    used 6632K, capacity 7152K, committed 7168K, reserved 1048576K
Event: 108.328 GC heap after
Heap after GC invocations=10 (full 2):
 PSYoungGen      total 118784K, used 10726K [0x00000000f5580000, 0x0000000100000000, 0x0000000100000000)
  eden space 108032K, 0% used [0x00000000f5580000,0x00000000f5580000,0x00000000fbf00000)
  from space 10752K, 99% used [0x00000000fd380000,0x00000000fddf9850,0x00000000fde00000)
  to   space 20992K, 0% used [0x00000000fbf00000,0x00000000fbf00000,0x00000000fd380000)
 ParOldGen       total 175104K, used 42513K [0x00000000e0000000, 0x00000000eab00000, 0x00000000f5580000)
  object space 175104K, 24% used [0x00000000e0000000,0x00000000e2984698,0x00000000eab00000)
 Metaspace       used 46603K, capacity 49030K, committed 49152K, reserved 1091584K
  class space    used 6632K, capacity 7152K, committed 7168K, reserved 1048576K
}

