# JRE version: Java(TM) SE Runtime Environment (8.0_181-b13) (build 1.8.0_181-b13)
# Java VM: Java HotSpot(TM) 64-Bit Server VM (25.181-b13 mixed mode windows-amd64 compressed oops)
Heap:
 PSYoungGen      total 163840K, used 18102K [0x00000000f5580000, 0x0000000100000000, 0x0000000100000000)
  eden space 153088K, 4% used [0x00000000f5580000,0x00000000f5caf388,0x00000000feb00000)
  from space 10752K, 99% used [0x00000000ff580000,0x00000000ffffe550,0x0000000100000000)
  to   space 10752K, 0% used [0x00000000feb00000,0x00000000feb00000,0x00000000ff580000)
 ParOldGen       total 175104K, used 11656K [0x00000000e0000000, 0x00000000eab00000, 0x00000000f5580000)
  object space 175104K, 6% used [0x00000000e0000000,0x00000000e0b620f0,0x00000000eab00000)
 Metaspace       used 32323K, capacity 32986K, committed 33152K, reserved 1077248K
  class space    used 4488K, capacity 4683K, committed 4736K, reserved 1048576K
GC Heap History (10 events):
Event: 5.736 GC heap before
{Heap before GC invocations=1 (full 0):
 PSYoungGen      total 76288K, used 65536K [0x00000000f5580000, 0x00000000faa80000, 0x0000000100000000)
  eden space 65536K, 100% used [0x00000000f5580000,0x00000000f9580000,0x00000000f9580000)
  from space 10752K, 0% used [0x00000000fa000000,0x00000000fa000000,0x00000000faa80000)
  to   space 10752K, 0% used [0x00000000f9580000,0x00000000f9580000,0x00000000fa000000)
 ParOldGen       total 175104K, used 0K [0x00000000e0000000, 0x00000000eab00000, 0x00000000f5580000)
  object space 175104K, 0% used [0x00000000e0000000,0x00000000e0000000,0x00000000eab00000)
 Metaspace       used 10115K, capacity 10474K, committed 10752K, reserved 1058816K
  class space    used 1376K, capacity 1489K, committed 1536K, reserved 1048576K
Event: 5.823 GC heap after
Heap after GC invocations=1 (full 0):
 PSYoungGen      total 76288K, used 7728K [0x00000000f5580000, 0x00000000fea80000, 0x0000000100000000)
  eden space 65536K, 0% used [0x00000000f5580000,0x00000000f5580000,0x00000000f9580000)
  from space 10752K, 71% used [0x00000000f9580000,0x00000000f9d0c0f8,0x00000000fa000000)
  to   space 10752K, 0% used [0x00000000fe000000,0x00000000fe000000,0x00000000fea80000)
 ParOldGen       total 175104K, used 8K [0x00000000e0000000, 0x00000000eab00000, 0x00000000f5580000)
  object space 175104K, 0% used [0x00000000e0000000,0x00000000e0002000,0x00000000eab00000)
 Metaspace       used 10115K, capacity 10474K, committed 10752K, reserved 1058816K
  class space    used 1376K, capacity 1489K, committed 1536K, reserved 1048576K
}
Event: 15.231 GC heap before
{Heap before GC invocations=2 (full 0):
 PSYoungGen      total 76288K, used 73264K [0x00000000f5580000, 0x00000000fea80000, 0x0000000100000000)
  eden space 65536K, 100% used [0x00000000f5580000,0x00000000f9580000,0x00000000f9580000)
  from space 10752K, 71% used [0x00000000f9580000,0x00000000f9d0c0f8,0x00000000fa000000)
  to   space 10752K, 0% used [0x00000000fe000000,0x00000000fe000000,0x00000000fea80000)
 ParOldGen       total 175104K, used 8K [0x00000000e0000000, 0x00000000eab00000, 0x00000000f5580000)
  object space 175104K, 0% used [0x00000000e0000000,0x00000000e0002000,0x00000000eab00000)
 Metaspace       used 16259K, capacity 16700K, committed 16896K, reserved 1062912K
  class space    used 2361K, capacity 2524K, committed 2560K, reserved 1048576K
Event: 15.799 GC heap after
Heap after GC invocations=2 (full 0):
 PSYoungGen      total 141824K, used 10360K [0x00000000f5580000, 0x00000000fea80000, 0x0000000100000000)
  eden space 131072K, 0% used [0x00000000f5580000,0x00000000f5580000,0x00000000fd580000)
  from space 10752K, 96% used [0x00000000fe000000,0x00000000fea1e160,0x00000000fea80000)
  to   space 10752K, 0% used [0x00000000fd580000,0x00000000fd580000,0x00000000fe000000)
 ParOldGen       total 175104K, used 16K [0x00000000e0000000, 0x00000000eab00000, 0x00000000f5580000)
  object space 175104K, 0% used [0x00000000e0000000,0x00000000e0004000,0x00000000eab00000)
 Metaspace       used 16259K, capacity 16700K, committed 16896K, reserved 1062912K
  class space    used 2361K, capacity 2524K, committed 2560K, reserved 1048576K
}
Event: 44.953 GC heap before
{Heap before GC invocations=3 (full 0):
 PSYoungGen      total 141824K, used 66465K [0x00000000f5580000, 0x00000000fea80000, 0x0000000100000000)
  eden space 131072K, 42% used [0x00000000f5580000,0x00000000f8c4a430,0x00000000fd580000)
  from space 10752K, 96% used [0x00000000fe000000,0x00000000fea1e160,0x00000000fea80000)
  to   space 10752K, 0% used [0x00000000fd580000,0x00000000fd580000,0x00000000fe000000)
 ParOldGen       total 175104K, used 16K [0x00000000e0000000, 0x00000000eab00000, 0x00000000f5580000)
  object space 175104K, 0% used [0x00000000e0000000,0x00000000e0004000,0x00000000eab00000)
 Metaspace       used 20547K, capacity 21086K, committed 21248K, reserved 1067008K
  class space    used 3040K, capacity 3224K, committed 3328K, reserved 1048576K
Event: 45.063 GC heap after
Heap after GC invocations=3 (full 0):
 PSYoungGen      total 141824K, used 10495K [0x00000000f5580000, 0x0000000100000000, 0x0000000100000000)
  eden space 131072K, 0% used [0x00000000f5580000,0x00000000f5580000,0x00000000fd580000)
  from space 10752K, 97% used [0x00000000fd580000,0x00000000fdfbfe78,0x00000000fe000000)
  to   space 10752K, 0% used [0x00000000ff580000,0x00000000ff580000,0x0000000100000000)
 ParOldGen       total 175104K, used 24K [0x00000000e0000000, 0x00000000eab00000, 0x00000000f5580000)
  object space 175104K, 0% used [0x00000000e0000000,0x00000000e0006000,0x00000000eab00000)
 Metaspace       used 20547K, capacity 21086K, committed 21248K, reserved 1067008K
  class space    used 3040K, capacity 3224K, committed 3328K, reserved 1048576K
}
Event: 45.063 GC heap before
{Heap before GC invocations=4 (full 1):
 PSYoungGen      total 141824K, used 10495K [0x00000000f5580000, 0x0000000100000000, 0x0000000100000000)
  eden space 131072K, 0% used [0x00000000f5580000,0x00000000f5580000,0x00000000fd580000)
  from space 10752K, 97% used [0x00000000fd580000,0x00000000fdfbfe78,0x00000000fe000000)
  to   space 10752K, 0% used [0x00000000ff580000,0x00000000ff580000,0x0000000100000000)
 ParOldGen       total 175104K, used 24K [0x00000000e0000000, 0x00000000eab00000, 0x00000000f5580000)
  object space 175104K, 0% used [0x00000000e0000000,0x00000000e0006000,0x00000000eab00000)
 Metaspace       used 20547K, capacity 21086K, committed 21248K, reserved 1067008K
  class space    used 3040K, capacity 3224K, committed 3328K, reserved 1048576K
Event: 45.128 GC heap after
Heap after GC invocations=4 (full 1):
 PSYoungGen      total 141824K, used 0K [0x00000000f5580000, 0x0000000100000000, 0x0000000100000000)
  eden space 131072K, 0% used [0x00000000f5580000,0x00000000f5580000,0x00000000fd580000)
  from space 10752K, 0% used [0x00000000fd580000,0x00000000fd580000,0x00000000fe000000)
  to   space 10752K, 0% used [0x00000000ff580000,0x00000000ff580000,0x0000000100000000)
 ParOldGen       total 175104K, used 10211K [0x00000000e0000000, 0x00000000eab00000, 0x00000000f5580000)
  object space 175104K, 5% used [0x00000000e0000000,0x00000000e09f8cc8,0x00000000eab00000)
 Metaspace       used 20547K, capacity 21086K, committed 21248K, reserved 1067008K
  class space    used 3040K, capacity 3224K, committed 3328K, reserved 1048576K
}
Event: 85.592 GC heap before
{Heap before GC invocations=5 (full 1):
 PSYoungGen      total 141824K, used 131072K [0x00000000f5580000, 0x0000000100000000, 0x0000000100000000)
  eden space 131072K, 100% used [0x00000000f5580000,0x00000000fd580000,0x00000000fd580000)
  from space 10752K, 0% used [0x00000000fd580000,0x00000000fd580000,0x00000000fe000000)
  to   space 10752K, 0% used [0x00000000ff580000,0x00000000ff580000,0x0000000100000000)
 ParOldGen       total 175104K, used 10211K [0x00000000e0000000, 0x00000000eab00000, 0x00000000f5580000)
  object space 175104K, 5% used [0x00000000e0000000,0x00000000e09f8cc8,0x00000000eab00000)
 Metaspace       used 32088K, capacity 32776K, committed 32896K, reserved 1077248K
  class space    used 4463K, capacity 4678K, committed 4736K, reserved 1048576K
Event: 85.693 GC heap after
Heap after GC invocations=5 (full 1):
 PSYoungGen      total 163840K, used 10745K [0x00000000f5580000, 0x0000000100000000, 0x0000000100000000)
  eden space 153088K, 0% used [0x00000000f5580000,0x00000000f5580000,0x00000000feb00000)
  from space 10752K, 99% used [0x00000000ff580000,0x00000000ffffe550,0x0000000100000000)
  to   space 10752K, 0% used [0x00000000feb00000,0x00000000feb00000,0x00000000ff580000)
 ParOldGen       total 175104K, used 11656K [0x00000000e0000000, 0x00000000eab00000, 0x00000000f5580000)
  object space 175104K, 6% used [0x00000000e0000000,0x00000000e0b620f0,0x00000000eab00000)
 Metaspace       used 32088K, capacity 32776K, committed 32896K, reserved 1077248K
  class space    used 4463K, capacity 4678K, committed 4736K, reserved 1048576K
}

