# JRE version: Java(TM) SE Runtime Environment (8.0_181-b13) (build 1.8.0_181-b13)
# Java VM: Java HotSpot(TM) 64-Bit Server VM (25.181-b13 mixed mode windows-amd64 compressed oops)
Heap:
 PSYoungGen      total 160256K, used 67374K [0x00000000f5580000, 0x0000000100000000, 0x0000000100000000)
  eden space 145920K, 36% used [0x00000000f5580000,0x00000000f894e268,0x00000000fe400000)
  from space 14336K, 99% used [0x00000000fe400000,0x00000000ff1fd860,0x00000000ff200000)
  to   space 14336K, 0% used [0x00000000ff200000,0x00000000ff200000,0x0000000100000000)
 ParOldGen       total 175104K, used 40669K [0x00000000e0000000, 0x00000000eab00000, 0x00000000f5580000)
  object space 175104K, 23% used [0x00000000e0000000,0x00000000e27b74a0,0x00000000eab00000)
 Metaspace       used 50470K, capacity 53638K, committed 53760K, reserved 1095680K
  class space    used 7204K, capacity 7878K, committed 7936K, reserved 1048576K
GC Heap History (10 events):
Event: 75.757 GC heap before
{Heap before GC invocations=7 (full 1):
 PSYoungGen      total 76288K, used 41425K [0x00000000f5580000, 0x00000000fe100000, 0x0000000100000000)
  eden space 65536K, 49% used [0x00000000f5580000,0x00000000f750fa48,0x00000000f9580000)
  from space 10752K, 84% used [0x00000000f9580000,0x00000000f9e64b88,0x00000000fa000000)
  to   space 11264K, 0% used [0x00000000fd600000,0x00000000fd600000,0x00000000fe100000)
 ParOldGen       total 175104K, used 9974K [0x00000000e0000000, 0x00000000eab00000, 0x00000000f5580000)
  object space 175104K, 5% used [0x00000000e0000000,0x00000000e09bdb18,0x00000000eab00000)
 Metaspace       used 34644K, capacity 35358K, committed 35416K, reserved 1079296K
  class space    used 4886K, capacity 5085K, committed 5120K, reserved 1048576K
Event: 75.764 GC heap after
Heap after GC invocations=7 (full 1):
 PSYoungGen      total 131584K, used 8379K [0x00000000f5580000, 0x00000000fe480000, 0x0000000100000000)
  eden space 120320K, 0% used [0x00000000f5580000,0x00000000f5580000,0x00000000fcb00000)
  from space 11264K, 74% used [0x00000000fd600000,0x00000000fde2ed58,0x00000000fe100000)
  to   space 11264K, 0% used [0x00000000fcb00000,0x00000000fcb00000,0x00000000fd600000)
 ParOldGen       total 175104K, used 9982K [0x00000000e0000000, 0x00000000eab00000, 0x00000000f5580000)
  object space 175104K, 5% used [0x00000000e0000000,0x00000000e09bfb18,0x00000000eab00000)
 Metaspace       used 34644K, capacity 35358K, committed 35416K, reserved 1079296K
  class space    used 4886K, capacity 5085K, committed 5120K, reserved 1048576K
}
Event: 75.764 GC heap before
{Heap before GC invocations=8 (full 2):
 PSYoungGen      total 131584K, used 8379K [0x00000000f5580000, 0x00000000fe480000, 0x0000000100000000)
  eden space 120320K, 0% used [0x00000000f5580000,0x00000000f5580000,0x00000000fcb00000)
  from space 11264K, 74% used [0x00000000fd600000,0x00000000fde2ed58,0x00000000fe100000)
  to   space 11264K, 0% used [0x00000000fcb00000,0x00000000fcb00000,0x00000000fd600000)
 ParOldGen       total 175104K, used 9982K [0x00000000e0000000, 0x00000000eab00000, 0x00000000f5580000)
  object space 175104K, 5% used [0x00000000e0000000,0x00000000e09bfb18,0x00000000eab00000)
 Metaspace       used 34644K, capacity 35358K, committed 35416K, reserved 1079296K
  class space    used 4886K, capacity 5085K, committed 5120K, reserved 1048576K
Event: 75.795 GC heap after
Heap after GC invocations=8 (full 2):
 PSYoungGen      total 131584K, used 0K [0x00000000f5580000, 0x00000000fe480000, 0x0000000100000000)
  eden space 120320K, 0% used [0x00000000f5580000,0x00000000f5580000,0x00000000fcb00000)
  from space 11264K, 0% used [0x00000000fd600000,0x00000000fd600000,0x00000000fe100000)
  to   space 11264K, 0% used [0x00000000fcb00000,0x00000000fcb00000,0x00000000fd600000)
 ParOldGen       total 175104K, used 14978K [0x00000000e0000000, 0x00000000eab00000, 0x00000000f5580000)
  object space 175104K, 8% used [0x00000000e0000000,0x00000000e0ea0bf8,0x00000000eab00000)
 Metaspace       used 34644K, capacity 35358K, committed 35416K, reserved 1079296K
  class space    used 4886K, capacity 5085K, committed 5120K, reserved 1048576K
}
Event: 81.736 GC heap before
{Heap before GC invocations=9 (full 2):
 PSYoungGen      total 131584K, used 120320K [0x00000000f5580000, 0x00000000fe480000, 0x0000000100000000)
  eden space 120320K, 100% used [0x00000000f5580000,0x00000000fcb00000,0x00000000fcb00000)
  from space 11264K, 0% used [0x00000000fd600000,0x00000000fd600000,0x00000000fe100000)
  to   space 11264K, 0% used [0x00000000fcb00000,0x00000000fcb00000,0x00000000fd600000)
 ParOldGen       total 175104K, used 14978K [0x00000000e0000000, 0x00000000eab00000, 0x00000000f5580000)
  object space 175104K, 8% used [0x00000000e0000000,0x00000000e0ea0bf8,0x00000000eab00000)
 Metaspace       used 40499K, capacity 41476K, committed 41600K, reserved 1085440K
  class space    used 5864K, capacity 6161K, committed 6272K, reserved 1048576K
Event: 81.748 GC heap after
Heap after GC invocations=9 (full 2):
 PSYoungGen      total 131584K, used 10340K [0x00000000f5580000, 0x0000000100000000, 0x0000000100000000)
  eden space 120320K, 0% used [0x00000000f5580000,0x00000000f5580000,0x00000000fcb00000)
  from space 11264K, 91% used [0x00000000fcb00000,0x00000000fd519168,0x00000000fd600000)
  to   space 11776K, 0% used [0x00000000ff480000,0x00000000ff480000,0x0000000100000000)
 ParOldGen       total 175104K, used 14986K [0x00000000e0000000, 0x00000000eab00000, 0x00000000f5580000)
  object space 175104K, 8% used [0x00000000e0000000,0x00000000e0ea2bf8,0x00000000eab00000)
 Metaspace       used 40499K, capacity 41476K, committed 41600K, reserved 1085440K
  class space    used 5864K, capacity 6161K, committed 6272K, reserved 1048576K
}
Event: 104.602 GC heap before
{Heap before GC invocations=10 (full 2):
 PSYoungGen      total 131584K, used 130660K [0x00000000f5580000, 0x0000000100000000, 0x0000000100000000)
  eden space 120320K, 100% used [0x00000000f5580000,0x00000000fcb00000,0x00000000fcb00000)
  from space 11264K, 91% used [0x00000000fcb00000,0x00000000fd519168,0x00000000fd600000)
  to   space 11776K, 0% used [0x00000000ff480000,0x00000000ff480000,0x0000000100000000)
 ParOldGen       total 175104K, used 14986K [0x00000000e0000000, 0x00000000eab00000, 0x00000000f5580000)
  object space 175104K, 8% used [0x00000000e0000000,0x00000000e0ea2bf8,0x00000000eab00000)
 Metaspace       used 43681K, capacity 44978K, committed 45184K, reserved 1087488K
  class space    used 6294K, capacity 6684K, committed 6784K, reserved 1048576K
Event: 104.725 GC heap after
Heap after GC invocations=10 (full 2):
 PSYoungGen      total 157696K, used 11766K [0x00000000f5580000, 0x0000000100000000, 0x0000000100000000)
  eden space 145920K, 0% used [0x00000000f5580000,0x00000000f5580000,0x00000000fe400000)
  from space 11776K, 99% used [0x00000000ff480000,0x00000000ffffd860,0x0000000100000000)
  to   space 14336K, 0% used [0x00000000fe400000,0x00000000fe400000,0x00000000ff200000)
 ParOldGen       total 175104K, used 18596K [0x00000000e0000000, 0x00000000eab00000, 0x00000000f5580000)
  object space 175104K, 10% used [0x00000000e0000000,0x00000000e12293f0,0x00000000eab00000)
 Metaspace       used 43681K, capacity 44978K, committed 45184K, reserved 1087488K
  class space    used 6294K, capacity 6684K, committed 6784K, reserved 1048576K
}
Event: 108.963 GC heap before
{Heap before GC invocations=11 (full 2):
 PSYoungGen      total 157696K, used 157686K [0x00000000f5580000, 0x0000000100000000, 0x0000000100000000)
  eden space 145920K, 100% used [0x00000000f5580000,0x00000000fe400000,0x00000000fe400000)
  from space 11776K, 99% used [0x00000000ff480000,0x00000000ffffd860,0x0000000100000000)
  to   space 14336K, 0% used [0x00000000fe400000,0x00000000fe400000,0x00000000ff200000)
 ParOldGen       total 175104K, used 18596K [0x00000000e0000000, 0x00000000eab00000, 0x00000000f5580000)
  object space 175104K, 10% used [0x00000000e0000000,0x00000000e12293f0,0x00000000eab00000)
 Metaspace       used 49168K, capacity 51960K, committed 52096K, reserved 1093632K
  class space    used 6944K, capacity 7487K, committed 7552K, reserved 1048576K
Event: 109.072 GC heap after
Heap after GC invocations=11 (full 2):
 PSYoungGen      total 160256K, used 14326K [0x00000000f5580000, 0x0000000100000000, 0x0000000100000000)
  eden space 145920K, 0% used [0x00000000f5580000,0x00000000f5580000,0x00000000fe400000)
  from space 14336K, 99% used [0x00000000fe400000,0x00000000ff1fd860,0x00000000ff200000)
  to   space 14336K, 0% used [0x00000000ff200000,0x00000000ff200000,0x0000000100000000)
 ParOldGen       total 175104K, used 40669K [0x00000000e0000000, 0x00000000eab00000, 0x00000000f5580000)
  object space 175104K, 23% used [0x00000000e0000000,0x00000000e27b74a0,0x00000000eab00000)
 Metaspace       used 49168K, capacity 51960K, committed 52096K, reserved 1093632K
  class space    used 6944K, capacity 7487K, committed 7552K, reserved 1048576K
}

