# JRE version: Java(TM) SE Runtime Environment (8.0_181-b13) (build 1.8.0_181-b13)
# Java VM: Java HotSpot(TM) 64-Bit Server VM (25.181-b13 mixed mode windows-amd64 compressed oops)
Heap:
 PSYoungGen      total 75776K, used 63983K [0x00000000f5580000, 0x00000000faa80000, 0x0000000100000000)
  eden space 64512K, 99% used [0x00000000f5580000,0x00000000f93fbe20,0x00000000f9480000)
  from space 11264K, 0% used [0x00000000f9f80000,0x00000000f9f80000,0x00000000faa80000)
  to   space 11264K, 0% used [0x00000000f9480000,0x00000000f9480000,0x00000000f9f80000)
 ParOldGen       total 175104K, used 15133K [0x00000000e0000000, 0x00000000eab00000, 0x00000000f5580000)
  object space 175104K, 8% used [0x00000000e0000000,0x00000000e0ec7558,0x00000000eab00000)
 Metaspace       used 38732K, capacity 39530K, committed 39680K, reserved 1083392K
  class space    used 5573K, capacity 5793K, committed 5888K, reserved 1048576K
GC Heap History (10 events):
Event: 39.680 GC heap before
{Heap before GC invocations=4 (full 1):
 PSYoungGen      total 76288K, used 10385K [0x00000000f5580000, 0x00000000faa80000, 0x0000000100000000)
  eden space 65536K, 0% used [0x00000000f5580000,0x00000000f5580000,0x00000000f9580000)
  from space 10752K, 96% used [0x00000000f9580000,0x00000000f9fa4580,0x00000000fa000000)
  to   space 10752K, 0% used [0x00000000fa000000,0x00000000fa000000,0x00000000faa80000)
 ParOldGen       total 175104K, used 24K [0x00000000e0000000, 0x00000000eab00000, 0x00000000f5580000)
  object space 175104K, 0% used [0x00000000e0000000,0x00000000e0006000,0x00000000eab00000)
 Metaspace       used 20534K, capacity 21064K, committed 21248K, reserved 1067008K
  class space    used 3039K, capacity 3223K, committed 3328K, reserved 1048576K
Event: 39.743 GC heap after
Heap after GC invocations=4 (full 1):
 PSYoungGen      total 76288K, used 0K [0x00000000f5580000, 0x00000000faa80000, 0x0000000100000000)
  eden space 65536K, 0% used [0x00000000f5580000,0x00000000f5580000,0x00000000f9580000)
  from space 10752K, 0% used [0x00000000f9580000,0x00000000f9580000,0x00000000fa000000)
  to   space 10752K, 0% used [0x00000000fa000000,0x00000000fa000000,0x00000000faa80000)
 ParOldGen       total 175104K, used 10105K [0x00000000e0000000, 0x00000000eab00000, 0x00000000f5580000)
  object space 175104K, 5% used [0x00000000e0000000,0x00000000e09de7c0,0x00000000eab00000)
 Metaspace       used 20534K, capacity 21064K, committed 21248K, reserved 1067008K
  class space    used 3039K, capacity 3223K, committed 3328K, reserved 1048576K
}
Event: 40.783 GC heap before
{Heap before GC invocations=5 (full 1):
 PSYoungGen      total 76288K, used 65536K [0x00000000f5580000, 0x00000000faa80000, 0x0000000100000000)
  eden space 65536K, 100% used [0x00000000f5580000,0x00000000f9580000,0x00000000f9580000)
  from space 10752K, 0% used [0x00000000f9580000,0x00000000f9580000,0x00000000fa000000)
  to   space 10752K, 0% used [0x00000000fa000000,0x00000000fa000000,0x00000000faa80000)
 ParOldGen       total 175104K, used 10105K [0x00000000e0000000, 0x00000000eab00000, 0x00000000f5580000)
  object space 175104K, 5% used [0x00000000e0000000,0x00000000e09de7c0,0x00000000eab00000)
 Metaspace       used 28324K, capacity 28868K, committed 28928K, reserved 1075200K
  class space    used 3950K, capacity 4095K, committed 4096K, reserved 1048576K
Event: 40.792 GC heap after
Heap after GC invocations=5 (full 1):
 PSYoungGen      total 76288K, used 7962K [0x00000000f5580000, 0x00000000faa80000, 0x0000000100000000)
  eden space 65536K, 0% used [0x00000000f5580000,0x00000000f5580000,0x00000000f9580000)
  from space 10752K, 74% used [0x00000000fa000000,0x00000000fa7c69a0,0x00000000faa80000)
  to   space 10752K, 0% used [0x00000000f9580000,0x00000000f9580000,0x00000000fa000000)
 ParOldGen       total 175104K, used 10113K [0x00000000e0000000, 0x00000000eab00000, 0x00000000f5580000)
  object space 175104K, 5% used [0x00000000e0000000,0x00000000e09e07c0,0x00000000eab00000)
 Metaspace       used 28324K, capacity 28868K, committed 28928K, reserved 1075200K
  class space    used 3950K, capacity 4095K, committed 4096K, reserved 1048576K
}
Event: 67.981 GC heap before
{Heap before GC invocations=6 (full 1):
 PSYoungGen      total 76288K, used 73498K [0x00000000f5580000, 0x00000000faa80000, 0x0000000100000000)
  eden space 65536K, 100% used [0x00000000f5580000,0x00000000f9580000,0x00000000f9580000)
  from space 10752K, 74% used [0x00000000fa000000,0x00000000fa7c69a0,0x00000000faa80000)
  to   space 10752K, 0% used [0x00000000f9580000,0x00000000f9580000,0x00000000fa000000)
 ParOldGen       total 175104K, used 10113K [0x00000000e0000000, 0x00000000eab00000, 0x00000000f5580000)
  object space 175104K, 5% used [0x00000000e0000000,0x00000000e09e07c0,0x00000000eab00000)
 Metaspace       used 32235K, capacity 32956K, committed 33152K, reserved 1077248K
  class space    used 4472K, capacity 4678K, committed 4736K, reserved 1048576K
Event: 67.993 GC heap after
Heap after GC invocations=6 (full 1):
 PSYoungGen      total 72704K, used 8197K [0x00000000f5580000, 0x00000000fab00000, 0x0000000100000000)
  eden space 64000K, 0% used [0x00000000f5580000,0x00000000f5580000,0x00000000f9400000)
  from space 8704K, 94% used [0x00000000f9580000,0x00000000f9d81570,0x00000000f9e00000)
  to   space 11776K, 0% used [0x00000000f9f80000,0x00000000f9f80000,0x00000000fab00000)
 ParOldGen       total 175104K, used 10121K [0x00000000e0000000, 0x00000000eab00000, 0x00000000f5580000)
  object space 175104K, 5% used [0x00000000e0000000,0x00000000e09e27c0,0x00000000eab00000)
 Metaspace       used 32235K, capacity 32956K, committed 33152K, reserved 1077248K
  class space    used 4472K, capacity 4678K, committed 4736K, reserved 1048576K
}
Event: 71.402 GC heap before
{Heap before GC invocations=7 (full 1):
 PSYoungGen      total 72704K, used 43877K [0x00000000f5580000, 0x00000000fab00000, 0x0000000100000000)
  eden space 64000K, 55% used [0x00000000f5580000,0x00000000f7858188,0x00000000f9400000)
  from space 8704K, 94% used [0x00000000f9580000,0x00000000f9d81570,0x00000000f9e00000)
  to   space 11776K, 0% used [0x00000000f9f80000,0x00000000f9f80000,0x00000000fab00000)
 ParOldGen       total 175104K, used 10121K [0x00000000e0000000, 0x00000000eab00000, 0x00000000f5580000)
  object space 175104K, 5% used [0x00000000e0000000,0x00000000e09e27c0,0x00000000eab00000)
 Metaspace       used 34576K, capacity 35302K, committed 35416K, reserved 1079296K
  class space    used 4859K, capacity 5049K, committed 5120K, reserved 1048576K
Event: 71.409 GC heap after
Heap after GC invocations=7 (full 1):
 PSYoungGen      total 75776K, used 8591K [0x00000000f5580000, 0x00000000faa80000, 0x0000000100000000)
  eden space 64512K, 0% used [0x00000000f5580000,0x00000000f5580000,0x00000000f9480000)
  from space 11264K, 76% used [0x00000000f9f80000,0x00000000fa7e3f08,0x00000000faa80000)
  to   space 11264K, 0% used [0x00000000f9480000,0x00000000f9480000,0x00000000f9f80000)
 ParOldGen       total 175104K, used 10129K [0x00000000e0000000, 0x00000000eab00000, 0x00000000f5580000)
  object space 175104K, 5% used [0x00000000e0000000,0x00000000e09e47c0,0x00000000eab00000)
 Metaspace       used 34576K, capacity 35302K, committed 35416K, reserved 1079296K
  class space    used 4859K, capacity 5049K, committed 5120K, reserved 1048576K
}
Event: 71.409 GC heap before
{Heap before GC invocations=8 (full 2):
 PSYoungGen      total 75776K, used 8591K [0x00000000f5580000, 0x00000000faa80000, 0x0000000100000000)
  eden space 64512K, 0% used [0x00000000f5580000,0x00000000f5580000,0x00000000f9480000)
  from space 11264K, 76% used [0x00000000f9f80000,0x00000000fa7e3f08,0x00000000faa80000)
  to   space 11264K, 0% used [0x00000000f9480000,0x00000000f9480000,0x00000000f9f80000)
 ParOldGen       total 175104K, used 10129K [0x00000000e0000000, 0x00000000eab00000, 0x00000000f5580000)
  object space 175104K, 5% used [0x00000000e0000000,0x00000000e09e47c0,0x00000000eab00000)
 Metaspace       used 34576K, capacity 35302K, committed 35416K, reserved 1079296K
  class space    used 4859K, capacity 5049K, committed 5120K, reserved 1048576K
Event: 71.454 GC heap after
Heap after GC invocations=8 (full 2):
 PSYoungGen      total 75776K, used 0K [0x00000000f5580000, 0x00000000faa80000, 0x0000000100000000)
  eden space 64512K, 0% used [0x00000000f5580000,0x00000000f5580000,0x00000000f9480000)
  from space 11264K, 0% used [0x00000000f9f80000,0x00000000f9f80000,0x00000000faa80000)
  to   space 11264K, 0% used [0x00000000f9480000,0x00000000f9480000,0x00000000f9f80000)
 ParOldGen       total 175104K, used 15133K [0x00000000e0000000, 0x00000000eab00000, 0x00000000f5580000)
  object space 175104K, 8% used [0x00000000e0000000,0x00000000e0ec7558,0x00000000eab00000)
 Metaspace       used 34576K, capacity 35302K, committed 35416K, reserved 1079296K
  class space    used 4859K, capacity 5049K, committed 5120K, reserved 1048576K
}

