# JRE version: Java(TM) SE Runtime Environment (8.0_181-b13) (build 1.8.0_181-b13)
# Java VM: Java HotSpot(TM) 64-Bit Server VM (25.181-b13 mixed mode windows-amd64 compressed oops)
Heap:
 PSYoungGen      total 140800K, used 91330K [0x00000000f5580000, 0x0000000100000000, 0x0000000100000000)
  eden space 129024K, 62% used [0x00000000f5580000,0x00000000fa42f0c8,0x00000000fd380000)
  from space 11776K, 91% used [0x00000000fd380000,0x00000000fde01780,0x00000000fdf00000)
  to   space 12288K, 0% used [0x00000000ff400000,0x00000000ff400000,0x0000000100000000)
 ParOldGen       total 175104K, used 15301K [0x00000000e0000000, 0x00000000eab00000, 0x00000000f5580000)
  object space 175104K, 8% used [0x00000000e0000000,0x00000000e0ef1660,0x00000000eab00000)
 Metaspace       used 42905K, capacity 44116K, committed 44288K, reserved 1087488K
  class space    used 6164K, capacity 6539K, committed 6656K, reserved 1048576K
GC Heap History (10 events):
Event: 50.805 GC heap before
{Heap before GC invocations=5 (full 1):
 PSYoungGen      total 76288K, used 65536K [0x00000000f5580000, 0x00000000faa80000, 0x0000000100000000)
  eden space 65536K, 100% used [0x00000000f5580000,0x00000000f9580000,0x00000000f9580000)
  from space 10752K, 0% used [0x00000000f9580000,0x00000000f9580000,0x00000000fa000000)
  to   space 10752K, 0% used [0x00000000fa000000,0x00000000fa000000,0x00000000faa80000)
 ParOldGen       total 175104K, used 10138K [0x00000000e0000000, 0x00000000eab00000, 0x00000000f5580000)
  object space 175104K, 5% used [0x00000000e0000000,0x00000000e09e69f8,0x00000000eab00000)
 Metaspace       used 28315K, capacity 28820K, committed 28928K, reserved 1075200K
  class space    used 3949K, capacity 4095K, committed 4096K, reserved 1048576K
Event: 50.851 GC heap after
Heap after GC invocations=5 (full 1):
 PSYoungGen      total 76288K, used 7765K [0x00000000f5580000, 0x00000000fe900000, 0x0000000100000000)
  eden space 65536K, 0% used [0x00000000f5580000,0x00000000f5580000,0x00000000f9580000)
  from space 10752K, 72% used [0x00000000fa000000,0x00000000fa795400,0x00000000faa80000)
  to   space 10752K, 0% used [0x00000000f9580000,0x00000000f9580000,0x00000000fa000000)
 ParOldGen       total 175104K, used 10138K [0x00000000e0000000, 0x00000000eab00000, 0x00000000f5580000)
  object space 175104K, 5% used [0x00000000e0000000,0x00000000e09e69f8,0x00000000eab00000)
 Metaspace       used 28315K, capacity 28820K, committed 28928K, reserved 1075200K
  class space    used 3949K, capacity 4095K, committed 4096K, reserved 1048576K
}
Event: 94.764 GC heap before
{Heap before GC invocations=6 (full 1):
 PSYoungGen      total 76288K, used 73301K [0x00000000f5580000, 0x00000000fe900000, 0x0000000100000000)
  eden space 65536K, 100% used [0x00000000f5580000,0x00000000f9580000,0x00000000f9580000)
  from space 10752K, 72% used [0x00000000fa000000,0x00000000fa795400,0x00000000faa80000)
  to   space 10752K, 0% used [0x00000000f9580000,0x00000000f9580000,0x00000000fa000000)
 ParOldGen       total 175104K, used 10138K [0x00000000e0000000, 0x00000000eab00000, 0x00000000f5580000)
  object space 175104K, 5% used [0x00000000e0000000,0x00000000e09e69f8,0x00000000eab00000)
 Metaspace       used 32415K, capacity 33146K, committed 33408K, reserved 1077248K
  class space    used 4501K, capacity 4715K, committed 4736K, reserved 1048576K
Event: 94.782 GC heap after
Heap after GC invocations=6 (full 1):
 PSYoungGen      total 76288K, used 8627K [0x00000000f5580000, 0x00000000fea80000, 0x0000000100000000)
  eden space 65536K, 0% used [0x00000000f5580000,0x00000000f5580000,0x00000000f9580000)
  from space 10752K, 80% used [0x00000000f9580000,0x00000000f9decd20,0x00000000fa000000)
  to   space 11776K, 0% used [0x00000000fdf00000,0x00000000fdf00000,0x00000000fea80000)
 ParOldGen       total 175104K, used 10146K [0x00000000e0000000, 0x00000000eab00000, 0x00000000f5580000)
  object space 175104K, 5% used [0x00000000e0000000,0x00000000e09e89f8,0x00000000eab00000)
 Metaspace       used 32415K, capacity 33146K, committed 33408K, reserved 1077248K
  class space    used 4501K, capacity 4715K, committed 4736K, reserved 1048576K
}
Event: 95.381 GC heap before
{Heap before GC invocations=7 (full 1):
 PSYoungGen      total 76288K, used 42129K [0x00000000f5580000, 0x00000000fea80000, 0x0000000100000000)
  eden space 65536K, 51% used [0x00000000f5580000,0x00000000f7637ac0,0x00000000f9580000)
  from space 10752K, 80% used [0x00000000f9580000,0x00000000f9decd20,0x00000000fa000000)
  to   space 11776K, 0% used [0x00000000fdf00000,0x00000000fdf00000,0x00000000fea80000)
 ParOldGen       total 175104K, used 10146K [0x00000000e0000000, 0x00000000eab00000, 0x00000000f5580000)
  object space 175104K, 5% used [0x00000000e0000000,0x00000000e09e89f8,0x00000000eab00000)
 Metaspace       used 34652K, capacity 35374K, committed 35416K, reserved 1079296K
  class space    used 4880K, capacity 5085K, committed 5120K, reserved 1048576K
Event: 95.392 GC heap after
Heap after GC invocations=7 (full 1):
 PSYoungGen      total 140800K, used 8560K [0x00000000f5580000, 0x00000000fea80000, 0x0000000100000000)
  eden space 129024K, 0% used [0x00000000f5580000,0x00000000f5580000,0x00000000fd380000)
  from space 11776K, 72% used [0x00000000fdf00000,0x00000000fe75c1b0,0x00000000fea80000)
  to   space 11776K, 0% used [0x00000000fd380000,0x00000000fd380000,0x00000000fdf00000)
 ParOldGen       total 175104K, used 10154K [0x00000000e0000000, 0x00000000eab00000, 0x00000000f5580000)
  object space 175104K, 5% used [0x00000000e0000000,0x00000000e09ea9f8,0x00000000eab00000)
 Metaspace       used 34652K, capacity 35374K, committed 35416K, reserved 1079296K
  class space    used 4880K, capacity 5085K, committed 5120K, reserved 1048576K
}
Event: 95.392 GC heap before
{Heap before GC invocations=8 (full 2):
 PSYoungGen      total 140800K, used 8560K [0x00000000f5580000, 0x00000000fea80000, 0x0000000100000000)
  eden space 129024K, 0% used [0x00000000f5580000,0x00000000f5580000,0x00000000fd380000)
  from space 11776K, 72% used [0x00000000fdf00000,0x00000000fe75c1b0,0x00000000fea80000)
  to   space 11776K, 0% used [0x00000000fd380000,0x00000000fd380000,0x00000000fdf00000)
 ParOldGen       total 175104K, used 10154K [0x00000000e0000000, 0x00000000eab00000, 0x00000000f5580000)
  object space 175104K, 5% used [0x00000000e0000000,0x00000000e09ea9f8,0x00000000eab00000)
 Metaspace       used 34652K, capacity 35374K, committed 35416K, reserved 1079296K
  class space    used 4880K, capacity 5085K, committed 5120K, reserved 1048576K
Event: 95.437 GC heap after
Heap after GC invocations=8 (full 2):
 PSYoungGen      total 140800K, used 0K [0x00000000f5580000, 0x00000000fea80000, 0x0000000100000000)
  eden space 129024K, 0% used [0x00000000f5580000,0x00000000f5580000,0x00000000fd380000)
  from space 11776K, 0% used [0x00000000fdf00000,0x00000000fdf00000,0x00000000fea80000)
  to   space 11776K, 0% used [0x00000000fd380000,0x00000000fd380000,0x00000000fdf00000)
 ParOldGen       total 175104K, used 15301K [0x00000000e0000000, 0x00000000eab00000, 0x00000000f5580000)
  object space 175104K, 8% used [0x00000000e0000000,0x00000000e0ef1660,0x00000000eab00000)
 Metaspace       used 34652K, capacity 35374K, committed 35416K, reserved 1079296K
  class space    used 4880K, capacity 5085K, committed 5120K, reserved 1048576K
}
Event: 107.966 GC heap before
{Heap before GC invocations=9 (full 2):
 PSYoungGen      total 140800K, used 129024K [0x00000000f5580000, 0x00000000fea80000, 0x0000000100000000)
  eden space 129024K, 100% used [0x00000000f5580000,0x00000000fd380000,0x00000000fd380000)
  from space 11776K, 0% used [0x00000000fdf00000,0x00000000fdf00000,0x00000000fea80000)
  to   space 11776K, 0% used [0x00000000fd380000,0x00000000fd380000,0x00000000fdf00000)
 ParOldGen       total 175104K, used 15301K [0x00000000e0000000, 0x00000000eab00000, 0x00000000f5580000)
  object space 175104K, 8% used [0x00000000e0000000,0x00000000e0ef1660,0x00000000eab00000)
 Metaspace       used 40758K, capacity 41808K, committed 42112K, reserved 1085440K
  class space    used 5893K, capacity 6204K, committed 6272K, reserved 1048576K
Event: 108.132 GC heap after
Heap after GC invocations=9 (full 2):
 PSYoungGen      total 140800K, used 10757K [0x00000000f5580000, 0x0000000100000000, 0x0000000100000000)
  eden space 129024K, 0% used [0x00000000f5580000,0x00000000f5580000,0x00000000fd380000)
  from space 11776K, 91% used [0x00000000fd380000,0x00000000fde01780,0x00000000fdf00000)
  to   space 12288K, 0% used [0x00000000ff400000,0x00000000ff400000,0x0000000100000000)
 ParOldGen       total 175104K, used 15301K [0x00000000e0000000, 0x00000000eab00000, 0x00000000f5580000)
  object space 175104K, 8% used [0x00000000e0000000,0x00000000e0ef1660,0x00000000eab00000)
 Metaspace       used 40758K, capacity 41808K, committed 42112K, reserved 1085440K
  class space    used 5893K, capacity 6204K, committed 6272K, reserved 1048576K
}

