# JRE version: Java(TM) SE Runtime Environment (8.0_181-b13) (build 1.8.0_181-b13)
# Java VM: Java HotSpot(TM) 64-Bit Server VM (25.181-b13 mixed mode windows-amd64 compressed oops)
Heap:
 PSYoungGen      total 161280K, used 41024K [0x00000000f5580000, 0x0000000100000000, 0x0000000100000000)
  eden space 147968K, 20% used [0x00000000f5580000,0x00000000f7322348,0x00000000fe600000)
  from space 13312K, 80% used [0x00000000ff300000,0x00000000ffd6df38,0x0000000100000000)
  to   space 13312K, 0% used [0x00000000fe600000,0x00000000fe600000,0x00000000ff300000)
 ParOldGen       total 175104K, used 17741K [0x00000000e0000000, 0x00000000eab00000, 0x00000000f5580000)
  object space 175104K, 10% used [0x00000000e0000000,0x00000000e11537c0,0x00000000eab00000)
 Metaspace       used 41098K, capacity 42244K, committed 42368K, reserved 1085440K
  class space    used 5942K, capacity 6257K, committed 6272K, reserved 1048576K
GC Heap History (10 events):
Event: 50.903 GC heap before
{Heap before GC invocations=4 (full 1):
 PSYoungGen      total 76288K, used 10370K [0x00000000f5580000, 0x00000000fea80000, 0x0000000100000000)
  eden space 65536K, 0% used [0x00000000f5580000,0x00000000f5580000,0x00000000f9580000)
  from space 10752K, 96% used [0x00000000f9580000,0x00000000f9fa0988,0x00000000fa000000)
  to   space 10752K, 0% used [0x00000000fe000000,0x00000000fe000000,0x00000000fea80000)
 ParOldGen       total 175104K, used 32K [0x00000000e0000000, 0x00000000eab00000, 0x00000000f5580000)
  object space 175104K, 0% used [0x00000000e0000000,0x00000000e0008000,0x00000000eab00000)
 Metaspace       used 20553K, capacity 21086K, committed 21248K, reserved 1067008K
  class space    used 3040K, capacity 3224K, committed 3328K, reserved 1048576K
Event: 50.947 GC heap after
Heap after GC invocations=4 (full 1):
 PSYoungGen      total 76288K, used 0K [0x00000000f5580000, 0x00000000fea80000, 0x0000000100000000)
  eden space 65536K, 0% used [0x00000000f5580000,0x00000000f5580000,0x00000000f9580000)
  from space 10752K, 0% used [0x00000000f9580000,0x00000000f9580000,0x00000000fa000000)
  to   space 10752K, 0% used [0x00000000fe000000,0x00000000fe000000,0x00000000fea80000)
 ParOldGen       total 175104K, used 10045K [0x00000000e0000000, 0x00000000eab00000, 0x00000000f5580000)
  object space 175104K, 5% used [0x00000000e0000000,0x00000000e09cf5f8,0x00000000eab00000)
 Metaspace       used 20553K, capacity 21086K, committed 21248K, reserved 1067008K
  class space    used 3040K, capacity 3224K, committed 3328K, reserved 1048576K
}
Event: 52.432 GC heap before
{Heap before GC invocations=5 (full 1):
 PSYoungGen      total 76288K, used 65536K [0x00000000f5580000, 0x00000000fea80000, 0x0000000100000000)
  eden space 65536K, 100% used [0x00000000f5580000,0x00000000f9580000,0x00000000f9580000)
  from space 10752K, 0% used [0x00000000f9580000,0x00000000f9580000,0x00000000fa000000)
  to   space 10752K, 0% used [0x00000000fe000000,0x00000000fe000000,0x00000000fea80000)
 ParOldGen       total 175104K, used 10045K [0x00000000e0000000, 0x00000000eab00000, 0x00000000f5580000)
  object space 175104K, 5% used [0x00000000e0000000,0x00000000e09cf5f8,0x00000000eab00000)
 Metaspace       used 28357K, capacity 28890K, committed 28928K, reserved 1075200K
  class space    used 3959K, capacity 4096K, committed 4096K, reserved 1048576K
Event: 52.488 GC heap after
Heap after GC invocations=5 (full 1):
 PSYoungGen      total 136192K, used 7871K [0x00000000f5580000, 0x00000000fe800000, 0x0000000100000000)
  eden space 128000K, 0% used [0x00000000f5580000,0x00000000f5580000,0x00000000fd280000)
  from space 8192K, 96% used [0x00000000fe000000,0x00000000fe7afe60,0x00000000fe800000)
  to   space 10752K, 0% used [0x00000000fd300000,0x00000000fd300000,0x00000000fdd80000)
 ParOldGen       total 175104K, used 10053K [0x00000000e0000000, 0x00000000eab00000, 0x00000000f5580000)
  object space 175104K, 5% used [0x00000000e0000000,0x00000000e09d15f8,0x00000000eab00000)
 Metaspace       used 28357K, capacity 28890K, committed 28928K, reserved 1075200K
  class space    used 3959K, capacity 4096K, committed 4096K, reserved 1048576K
}
Event: 92.725 GC heap before
{Heap before GC invocations=6 (full 1):
 PSYoungGen      total 136192K, used 113752K [0x00000000f5580000, 0x00000000fe800000, 0x0000000100000000)
  eden space 128000K, 82% used [0x00000000f5580000,0x00000000fbce6500,0x00000000fd280000)
  from space 8192K, 96% used [0x00000000fe000000,0x00000000fe7afe60,0x00000000fe800000)
  to   space 10752K, 0% used [0x00000000fd300000,0x00000000fd300000,0x00000000fdd80000)
 ParOldGen       total 175104K, used 10053K [0x00000000e0000000, 0x00000000eab00000, 0x00000000f5580000)
  object space 175104K, 5% used [0x00000000e0000000,0x00000000e09d15f8,0x00000000eab00000)
 Metaspace       used 34670K, capacity 35374K, committed 35416K, reserved 1079296K
  class space    used 4888K, capacity 5085K, committed 5120K, reserved 1048576K
Event: 92.735 GC heap after
Heap after GC invocations=6 (full 1):
 PSYoungGen      total 139264K, used 10744K [0x00000000f5580000, 0x0000000100000000, 0x0000000100000000)
  eden space 128512K, 0% used [0x00000000f5580000,0x00000000f5580000,0x00000000fd300000)
  from space 10752K, 99% used [0x00000000fd300000,0x00000000fdd7e190,0x00000000fdd80000)
  to   space 13312K, 0% used [0x00000000ff300000,0x00000000ff300000,0x0000000100000000)
 ParOldGen       total 175104K, used 10826K [0x00000000e0000000, 0x00000000eab00000, 0x00000000f5580000)
  object space 175104K, 6% used [0x00000000e0000000,0x00000000e0a92820,0x00000000eab00000)
 Metaspace       used 34670K, capacity 35374K, committed 35416K, reserved 1079296K
  class space    used 4888K, capacity 5085K, committed 5120K, reserved 1048576K
}
Event: 92.735 GC heap before
{Heap before GC invocations=7 (full 2):
 PSYoungGen      total 139264K, used 10744K [0x00000000f5580000, 0x0000000100000000, 0x0000000100000000)
  eden space 128512K, 0% used [0x00000000f5580000,0x00000000f5580000,0x00000000fd300000)
  from space 10752K, 99% used [0x00000000fd300000,0x00000000fdd7e190,0x00000000fdd80000)
  to   space 13312K, 0% used [0x00000000ff300000,0x00000000ff300000,0x0000000100000000)
 ParOldGen       total 175104K, used 10826K [0x00000000e0000000, 0x00000000eab00000, 0x00000000f5580000)
  object space 175104K, 6% used [0x00000000e0000000,0x00000000e0a92820,0x00000000eab00000)
 Metaspace       used 34670K, capacity 35374K, committed 35416K, reserved 1079296K
  class space    used 4888K, capacity 5085K, committed 5120K, reserved 1048576K
Event: 92.773 GC heap after
Heap after GC invocations=7 (full 2):
 PSYoungGen      total 139264K, used 0K [0x00000000f5580000, 0x0000000100000000, 0x0000000100000000)
  eden space 128512K, 0% used [0x00000000f5580000,0x00000000f5580000,0x00000000fd300000)
  from space 10752K, 0% used [0x00000000fd300000,0x00000000fd300000,0x00000000fdd80000)
  to   space 13312K, 0% used [0x00000000ff300000,0x00000000ff300000,0x0000000100000000)
 ParOldGen       total 175104K, used 17733K [0x00000000e0000000, 0x00000000eab00000, 0x00000000f5580000)
  object space 175104K, 10% used [0x00000000e0000000,0x00000000e11517c0,0x00000000eab00000)
 Metaspace       used 34670K, capacity 35374K, committed 35416K, reserved 1079296K
  class space    used 4888K, capacity 5085K, committed 5120K, reserved 1048576K
}
Event: 109.357 GC heap before
{Heap before GC invocations=8 (full 2):
 PSYoungGen      total 139264K, used 128512K [0x00000000f5580000, 0x0000000100000000, 0x0000000100000000)
  eden space 128512K, 100% used [0x00000000f5580000,0x00000000fd300000,0x00000000fd300000)
  from space 10752K, 0% used [0x00000000fd300000,0x00000000fd300000,0x00000000fdd80000)
  to   space 13312K, 0% used [0x00000000ff300000,0x00000000ff300000,0x0000000100000000)
 ParOldGen       total 175104K, used 17733K [0x00000000e0000000, 0x00000000eab00000, 0x00000000f5580000)
  object space 175104K, 10% used [0x00000000e0000000,0x00000000e11517c0,0x00000000eab00000)
 Metaspace       used 40716K, capacity 41806K, committed 41856K, reserved 1085440K
  class space    used 5887K, capacity 6240K, committed 6272K, reserved 1048576K
Event: 109.392 GC heap after
Heap after GC invocations=8 (full 2):
 PSYoungGen      total 161280K, used 10679K [0x00000000f5580000, 0x0000000100000000, 0x0000000100000000)
  eden space 147968K, 0% used [0x00000000f5580000,0x00000000f5580000,0x00000000fe600000)
  from space 13312K, 80% used [0x00000000ff300000,0x00000000ffd6df38,0x0000000100000000)
  to   space 13312K, 0% used [0x00000000fe600000,0x00000000fe600000,0x00000000ff300000)
 ParOldGen       total 175104K, used 17741K [0x00000000e0000000, 0x00000000eab00000, 0x00000000f5580000)
  object space 175104K, 10% used [0x00000000e0000000,0x00000000e11537c0,0x00000000eab00000)
 Metaspace       used 40716K, capacity 41806K, committed 41856K, reserved 1085440K
  class space    used 5887K, capacity 6240K, committed 6272K, reserved 1048576K
}

