# JRE version: Java(TM) SE Runtime Environment (8.0_181-b13) (build 1.8.0_181-b13)
# Java VM: Java HotSpot(TM) 64-Bit Server VM (25.181-b13 mixed mode windows-amd64 compressed oops)
Heap:
 PSYoungGen      total 162304K, used 152290K [0x00000000f5580000, 0x0000000100000000, 0x0000000100000000)
  eden space 153088K, 99% used [0x00000000f5580000,0x00000000fea38ba8,0x00000000feb00000)
  from space 9216K, 0% used [0x00000000feb00000,0x00000000feb00000,0x00000000ff400000)
  to   space 12288K, 0% used [0x00000000ff400000,0x00000000ff400000,0x0000000100000000)
 ParOldGen       total 175104K, used 15395K [0x00000000e0000000, 0x00000000eab00000, 0x00000000f5580000)
  object space 175104K, 8% used [0x00000000e0000000,0x00000000e0f08e68,0x00000000eab00000)
 Metaspace       used 41008K, capacity 42196K, committed 42368K, reserved 1085440K
  class space    used 5926K, capacity 6248K, committed 6272K, reserved 1048576K
GC Heap History (10 events):
Event: 37.215 GC heap before
{Heap before GC invocations=3 (full 0):
 PSYoungGen      total 141824K, used 65377K [0x00000000f5580000, 0x00000000fea80000, 0x0000000100000000)
  eden space 131072K, 41% used [0x00000000f5580000,0x00000000f8aea308,0x00000000fd580000)
  from space 10752K, 99% used [0x00000000fe000000,0x00000000fea6e418,0x00000000fea80000)
  to   space 10752K, 0% used [0x00000000fd580000,0x00000000fd580000,0x00000000fe000000)
 ParOldGen       total 175104K, used 16K [0x00000000e0000000, 0x00000000eab00000, 0x00000000f5580000)
  object space 175104K, 0% used [0x00000000e0000000,0x00000000e0004000,0x00000000eab00000)
 Metaspace       used 20544K, capacity 21086K, committed 21248K, reserved 1067008K
  class space    used 3038K, capacity 3224K, committed 3328K, reserved 1048576K
Event: 37.223 GC heap after
Heap after GC invocations=3 (full 0):
 PSYoungGen      total 141824K, used 10315K [0x00000000f5580000, 0x0000000100000000, 0x0000000100000000)
  eden space 131072K, 0% used [0x00000000f5580000,0x00000000f5580000,0x00000000fd580000)
  from space 10752K, 95% used [0x00000000fd580000,0x00000000fdf92ce0,0x00000000fe000000)
  to   space 10752K, 0% used [0x00000000ff580000,0x00000000ff580000,0x0000000100000000)
 ParOldGen       total 175104K, used 24K [0x00000000e0000000, 0x00000000eab00000, 0x00000000f5580000)
  object space 175104K, 0% used [0x00000000e0000000,0x00000000e0006000,0x00000000eab00000)
 Metaspace       used 20544K, capacity 21086K, committed 21248K, reserved 1067008K
  class space    used 3038K, capacity 3224K, committed 3328K, reserved 1048576K
}
Event: 37.223 GC heap before
{Heap before GC invocations=4 (full 1):
 PSYoungGen      total 141824K, used 10315K [0x00000000f5580000, 0x0000000100000000, 0x0000000100000000)
  eden space 131072K, 0% used [0x00000000f5580000,0x00000000f5580000,0x00000000fd580000)
  from space 10752K, 95% used [0x00000000fd580000,0x00000000fdf92ce0,0x00000000fe000000)
  to   space 10752K, 0% used [0x00000000ff580000,0x00000000ff580000,0x0000000100000000)
 ParOldGen       total 175104K, used 24K [0x00000000e0000000, 0x00000000eab00000, 0x00000000f5580000)
  object space 175104K, 0% used [0x00000000e0000000,0x00000000e0006000,0x00000000eab00000)
 Metaspace       used 20544K, capacity 21086K, committed 21248K, reserved 1067008K
  class space    used 3038K, capacity 3224K, committed 3328K, reserved 1048576K
Event: 37.252 GC heap after
Heap after GC invocations=4 (full 1):
 PSYoungGen      total 141824K, used 0K [0x00000000f5580000, 0x0000000100000000, 0x0000000100000000)
  eden space 131072K, 0% used [0x00000000f5580000,0x00000000f5580000,0x00000000fd580000)
  from space 10752K, 0% used [0x00000000fd580000,0x00000000fd580000,0x00000000fe000000)
  to   space 10752K, 0% used [0x00000000ff580000,0x00000000ff580000,0x0000000100000000)
 ParOldGen       total 175104K, used 9988K [0x00000000e0000000, 0x00000000eab00000, 0x00000000f5580000)
  object space 175104K, 5% used [0x00000000e0000000,0x00000000e09c1170,0x00000000eab00000)
 Metaspace       used 20544K, capacity 21086K, committed 21248K, reserved 1067008K
  class space    used 3038K, capacity 3224K, committed 3328K, reserved 1048576K
}
Event: 76.269 GC heap before
{Heap before GC invocations=5 (full 1):
 PSYoungGen      total 141824K, used 131072K [0x00000000f5580000, 0x0000000100000000, 0x0000000100000000)
  eden space 131072K, 100% used [0x00000000f5580000,0x00000000fd580000,0x00000000fd580000)
  from space 10752K, 0% used [0x00000000fd580000,0x00000000fd580000,0x00000000fe000000)
  to   space 10752K, 0% used [0x00000000ff580000,0x00000000ff580000,0x0000000100000000)
 ParOldGen       total 175104K, used 9988K [0x00000000e0000000, 0x00000000eab00000, 0x00000000f5580000)
  object space 175104K, 5% used [0x00000000e0000000,0x00000000e09c1170,0x00000000eab00000)
 Metaspace       used 32076K, capacity 32776K, committed 32896K, reserved 1077248K
  class space    used 4454K, capacity 4678K, committed 4736K, reserved 1048576K
Event: 76.679 GC heap after
Heap after GC invocations=5 (full 1):
 PSYoungGen      total 163840K, used 10744K [0x00000000f5580000, 0x0000000100000000, 0x0000000100000000)
  eden space 153088K, 0% used [0x00000000f5580000,0x00000000f5580000,0x00000000feb00000)
  from space 10752K, 99% used [0x00000000ff580000,0x00000000ffffe268,0x0000000100000000)
  to   space 10752K, 0% used [0x00000000feb00000,0x00000000feb00000,0x00000000ff580000)
 ParOldGen       total 175104K, used 11463K [0x00000000e0000000, 0x00000000eab00000, 0x00000000f5580000)
  object space 175104K, 6% used [0x00000000e0000000,0x00000000e0b31c50,0x00000000eab00000)
 Metaspace       used 32076K, capacity 32776K, committed 32896K, reserved 1077248K
  class space    used 4454K, capacity 4678K, committed 4736K, reserved 1048576K
}
Event: 78.085 GC heap before
{Heap before GC invocations=6 (full 1):
 PSYoungGen      total 163840K, used 54913K [0x00000000f5580000, 0x0000000100000000, 0x0000000100000000)
  eden space 153088K, 28% used [0x00000000f5580000,0x00000000f80a22f8,0x00000000feb00000)
  from space 10752K, 99% used [0x00000000ff580000,0x00000000ffffe268,0x0000000100000000)
  to   space 10752K, 0% used [0x00000000feb00000,0x00000000feb00000,0x00000000ff580000)
 ParOldGen       total 175104K, used 11463K [0x00000000e0000000, 0x00000000eab00000, 0x00000000f5580000)
  object space 175104K, 6% used [0x00000000e0000000,0x00000000e0b31c50,0x00000000eab00000)
 Metaspace       used 34699K, capacity 35374K, committed 35416K, reserved 1079296K
  class space    used 4880K, capacity 5085K, committed 5120K, reserved 1048576K
Event: 78.096 GC heap after
Heap after GC invocations=6 (full 1):
 PSYoungGen      total 162304K, used 8743K [0x00000000f5580000, 0x0000000100000000, 0x0000000100000000)
  eden space 153088K, 0% used [0x00000000f5580000,0x00000000f5580000,0x00000000feb00000)
  from space 9216K, 94% used [0x00000000feb00000,0x00000000ff389d78,0x00000000ff400000)
  to   space 12288K, 0% used [0x00000000ff400000,0x00000000ff400000,0x0000000100000000)
 ParOldGen       total 175104K, used 11471K [0x00000000e0000000, 0x00000000eab00000, 0x00000000f5580000)
  object space 175104K, 6% used [0x00000000e0000000,0x00000000e0b33c50,0x00000000eab00000)
 Metaspace       used 34699K, capacity 35374K, committed 35416K, reserved 1079296K
  class space    used 4880K, capacity 5085K, committed 5120K, reserved 1048576K
}
Event: 78.096 GC heap before
{Heap before GC invocations=7 (full 2):
 PSYoungGen      total 162304K, used 8743K [0x00000000f5580000, 0x0000000100000000, 0x0000000100000000)
  eden space 153088K, 0% used [0x00000000f5580000,0x00000000f5580000,0x00000000feb00000)
  from space 9216K, 94% used [0x00000000feb00000,0x00000000ff389d78,0x00000000ff400000)
  to   space 12288K, 0% used [0x00000000ff400000,0x00000000ff400000,0x0000000100000000)
 ParOldGen       total 175104K, used 11471K [0x00000000e0000000, 0x00000000eab00000, 0x00000000f5580000)
  object space 175104K, 6% used [0x00000000e0000000,0x00000000e0b33c50,0x00000000eab00000)
 Metaspace       used 34699K, capacity 35374K, committed 35416K, reserved 1079296K
  class space    used 4880K, capacity 5085K, committed 5120K, reserved 1048576K
Event: 78.159 GC heap after
Heap after GC invocations=7 (full 2):
 PSYoungGen      total 162304K, used 0K [0x00000000f5580000, 0x0000000100000000, 0x0000000100000000)
  eden space 153088K, 0% used [0x00000000f5580000,0x00000000f5580000,0x00000000feb00000)
  from space 9216K, 0% used [0x00000000feb00000,0x00000000feb00000,0x00000000ff400000)
  to   space 12288K, 0% used [0x00000000ff400000,0x00000000ff400000,0x0000000100000000)
 ParOldGen       total 175104K, used 15395K [0x00000000e0000000, 0x00000000eab00000, 0x00000000f5580000)
  object space 175104K, 8% used [0x00000000e0000000,0x00000000e0f08e68,0x00000000eab00000)
 Metaspace       used 34699K, capacity 35374K, committed 35416K, reserved 1079296K
  class space    used 4880K, capacity 5085K, committed 5120K, reserved 1048576K
}

