# JRE version: Java(TM) SE Runtime Environment (8.0_181-b13) (build 1.8.0_181-b13)
# Java VM: Java HotSpot(TM) 64-Bit Server VM (25.181-b13 mixed mode windows-amd64 compressed oops)
Heap:
 PSYoungGen      total 107520K, used 106531K [0x00000000f5580000, 0x00000000fe800000, 0x0000000100000000)
  eden space 99328K, 99% used [0x00000000f5580000,0x00000000fb5e6c50,0x00000000fb680000)
  from space 8192K, 95% used [0x00000000fe000000,0x00000000fe7a21f0,0x00000000fe800000)
  to   space 10752K, 0% used [0x00000000fd300000,0x00000000fd300000,0x00000000fdd80000)
 ParOldGen       total 175104K, used 9965K [0x00000000e0000000, 0x00000000eab00000, 0x00000000f5580000)
  object space 175104K, 5% used [0x00000000e0000000,0x00000000e09bb478,0x00000000eab00000)
 Metaspace       used 33719K, capacity 34504K, committed 34688K, reserved 1079296K
  class space    used 4717K, capacity 4910K, committed 4992K, reserved 1048576K
GC Heap History (10 events):
Event: 1.422 GC heap before
{Heap before GC invocations=1 (full 0):
 PSYoungGen      total 76288K, used 65536K [0x00000000f5580000, 0x00000000faa80000, 0x0000000100000000)
  eden space 65536K, 100% used [0x00000000f5580000,0x00000000f9580000,0x00000000f9580000)
  from space 10752K, 0% used [0x00000000fa000000,0x00000000fa000000,0x00000000faa80000)
  to   space 10752K, 0% used [0x00000000f9580000,0x00000000f9580000,0x00000000fa000000)
 ParOldGen       total 175104K, used 0K [0x00000000e0000000, 0x00000000eab00000, 0x00000000f5580000)
  object space 175104K, 0% used [0x00000000e0000000,0x00000000e0000000,0x00000000eab00000)
 Metaspace       used 10085K, capacity 10410K, committed 10496K, reserved 1058816K
  class space    used 1373K, capacity 1489K, committed 1536K, reserved 1048576K
Event: 1.433 GC heap after
Heap after GC invocations=1 (full 0):
 PSYoungGen      total 76288K, used 7748K [0x00000000f5580000, 0x00000000faa80000, 0x0000000100000000)
  eden space 65536K, 0% used [0x00000000f5580000,0x00000000f5580000,0x00000000f9580000)
  from space 10752K, 72% used [0x00000000f9580000,0x00000000f9d11330,0x00000000fa000000)
  to   space 10752K, 0% used [0x00000000fa000000,0x00000000fa000000,0x00000000faa80000)
 ParOldGen       total 175104K, used 16K [0x00000000e0000000, 0x00000000eab00000, 0x00000000f5580000)
  object space 175104K, 0% used [0x00000000e0000000,0x00000000e0004000,0x00000000eab00000)
 Metaspace       used 10085K, capacity 10410K, committed 10496K, reserved 1058816K
  class space    used 1373K, capacity 1489K, committed 1536K, reserved 1048576K
}
Event: 4.065 GC heap before
{Heap before GC invocations=2 (full 0):
 PSYoungGen      total 76288K, used 73284K [0x00000000f5580000, 0x00000000faa80000, 0x0000000100000000)
  eden space 65536K, 100% used [0x00000000f5580000,0x00000000f9580000,0x00000000f9580000)
  from space 10752K, 72% used [0x00000000f9580000,0x00000000f9d11330,0x00000000fa000000)
  to   space 10752K, 0% used [0x00000000fa000000,0x00000000fa000000,0x00000000faa80000)
 ParOldGen       total 175104K, used 16K [0x00000000e0000000, 0x00000000eab00000, 0x00000000f5580000)
  object space 175104K, 0% used [0x00000000e0000000,0x00000000e0004000,0x00000000eab00000)
 Metaspace       used 16573K, capacity 16988K, committed 17152K, reserved 1064960K
  class space    used 2412K, capacity 2556K, committed 2560K, reserved 1048576K
Event: 4.099 GC heap after
Heap after GC invocations=2 (full 0):
 PSYoungGen      total 76288K, used 10734K [0x00000000f5580000, 0x00000000fea80000, 0x0000000100000000)
  eden space 65536K, 0% used [0x00000000f5580000,0x00000000f5580000,0x00000000f9580000)
  from space 10752K, 99% used [0x00000000fa000000,0x00000000faa7bba0,0x00000000faa80000)
  to   space 10752K, 0% used [0x00000000f9580000,0x00000000f9580000,0x00000000fa000000)
 ParOldGen       total 175104K, used 24K [0x00000000e0000000, 0x00000000eab00000, 0x00000000f5580000)
  object space 175104K, 0% used [0x00000000e0000000,0x00000000e0006000,0x00000000eab00000)
 Metaspace       used 16573K, capacity 16988K, committed 17152K, reserved 1064960K
  class space    used 2412K, capacity 2556K, committed 2560K, reserved 1048576K
}
Event: 5.685 GC heap before
{Heap before GC invocations=3 (full 0):
 PSYoungGen      total 76288K, used 53482K [0x00000000f5580000, 0x00000000fea80000, 0x0000000100000000)
  eden space 65536K, 65% used [0x00000000f5580000,0x00000000f7f3ed60,0x00000000f9580000)
  from space 10752K, 99% used [0x00000000fa000000,0x00000000faa7bba0,0x00000000faa80000)
  to   space 10752K, 0% used [0x00000000f9580000,0x00000000f9580000,0x00000000fa000000)
 ParOldGen       total 175104K, used 24K [0x00000000e0000000, 0x00000000eab00000, 0x00000000f5580000)
  object space 175104K, 0% used [0x00000000e0000000,0x00000000e0006000,0x00000000eab00000)
 Metaspace       used 20558K, capacity 21080K, committed 21248K, reserved 1067008K
  class space    used 3052K, capacity 3223K, committed 3328K, reserved 1048576K
Event: 5.760 GC heap after
Heap after GC invocations=3 (full 0):
 PSYoungGen      total 76288K, used 10132K [0x00000000f5580000, 0x00000000fea80000, 0x0000000100000000)
  eden space 65536K, 0% used [0x00000000f5580000,0x00000000f5580000,0x00000000f9580000)
  from space 10752K, 94% used [0x00000000f9580000,0x00000000f9f65370,0x00000000fa000000)
  to   space 10752K, 0% used [0x00000000fe000000,0x00000000fe000000,0x00000000fea80000)
 ParOldGen       total 175104K, used 24K [0x00000000e0000000, 0x00000000eab00000, 0x00000000f5580000)
  object space 175104K, 0% used [0x00000000e0000000,0x00000000e0006000,0x00000000eab00000)
 Metaspace       used 20558K, capacity 21080K, committed 21248K, reserved 1067008K
  class space    used 3052K, capacity 3223K, committed 3328K, reserved 1048576K
}
Event: 5.760 GC heap before
{Heap before GC invocations=4 (full 1):
 PSYoungGen      total 76288K, used 10132K [0x00000000f5580000, 0x00000000fea80000, 0x0000000100000000)
  eden space 65536K, 0% used [0x00000000f5580000,0x00000000f5580000,0x00000000f9580000)
  from space 10752K, 94% used [0x00000000f9580000,0x00000000f9f65370,0x00000000fa000000)
  to   space 10752K, 0% used [0x00000000fe000000,0x00000000fe000000,0x00000000fea80000)
 ParOldGen       total 175104K, used 24K [0x00000000e0000000, 0x00000000eab00000, 0x00000000f5580000)
  object space 175104K, 0% used [0x00000000e0000000,0x00000000e0006000,0x00000000eab00000)
 Metaspace       used 20558K, capacity 21080K, committed 21248K, reserved 1067008K
  class space    used 3052K, capacity 3223K, committed 3328K, reserved 1048576K
Event: 5.910 GC heap after
Heap after GC invocations=4 (full 1):
 PSYoungGen      total 76288K, used 0K [0x00000000f5580000, 0x00000000fea80000, 0x0000000100000000)
  eden space 65536K, 0% used [0x00000000f5580000,0x00000000f5580000,0x00000000f9580000)
  from space 10752K, 0% used [0x00000000f9580000,0x00000000f9580000,0x00000000fa000000)
  to   space 10752K, 0% used [0x00000000fe000000,0x00000000fe000000,0x00000000fea80000)
 ParOldGen       total 175104K, used 9957K [0x00000000e0000000, 0x00000000eab00000, 0x00000000f5580000)
  object space 175104K, 5% used [0x00000000e0000000,0x00000000e09b9478,0x00000000eab00000)
 Metaspace       used 20558K, capacity 21080K, committed 21248K, reserved 1067008K
  class space    used 3052K, capacity 3223K, committed 3328K, reserved 1048576K
}
Event: 9.312 GC heap before
{Heap before GC invocations=5 (full 1):
 PSYoungGen      total 76288K, used 65536K [0x00000000f5580000, 0x00000000fea80000, 0x0000000100000000)
  eden space 65536K, 100% used [0x00000000f5580000,0x00000000f9580000,0x00000000f9580000)
  from space 10752K, 0% used [0x00000000f9580000,0x00000000f9580000,0x00000000fa000000)
  to   space 10752K, 0% used [0x00000000fe000000,0x00000000fe000000,0x00000000fea80000)
 ParOldGen       total 175104K, used 9957K [0x00000000e0000000, 0x00000000eab00000, 0x00000000f5580000)
  object space 175104K, 5% used [0x00000000e0000000,0x00000000e09b9478,0x00000000eab00000)
 Metaspace       used 28416K, capacity 29012K, committed 29312K, reserved 1075200K
  class space    used 3991K, capacity 4159K, committed 4224K, reserved 1048576K
Event: 9.473 GC heap after
Heap after GC invocations=5 (full 1):
 PSYoungGen      total 107520K, used 7816K [0x00000000f5580000, 0x00000000fe800000, 0x0000000100000000)
  eden space 99328K, 0% used [0x00000000f5580000,0x00000000f5580000,0x00000000fb680000)
  from space 8192K, 95% used [0x00000000fe000000,0x00000000fe7a21f0,0x00000000fe800000)
  to   space 10752K, 0% used [0x00000000fd300000,0x00000000fd300000,0x00000000fdd80000)
 ParOldGen       total 175104K, used 9965K [0x00000000e0000000, 0x00000000eab00000, 0x00000000f5580000)
  object space 175104K, 5% used [0x00000000e0000000,0x00000000e09bb478,0x00000000eab00000)
 Metaspace       used 28416K, capacity 29012K, committed 29312K, reserved 1075200K
  class space    used 3991K, capacity 4159K, committed 4224K, reserved 1048576K
}

