# JRE version: Java(TM) SE Runtime Environment (8.0_181-b13) (build 1.8.0_181-b13)
# Java VM: Java HotSpot(TM) 64-Bit Server VM (25.181-b13 mixed mode windows-amd64 compressed oops)
Heap:
 PSYoungGen      total 75776K, used 10535K [0x00000000f5580000, 0x00000000fe680000, 0x0000000100000000)
  eden space 64512K, 7% used [0x00000000f5580000,0x00000000f5a5d0d8,0x00000000f9480000)
  from space 11264K, 49% used [0x00000000f9480000,0x00000000f99ecc08,0x00000000f9f80000)
  to   space 11776K, 0% used [0x00000000fdb00000,0x00000000fdb00000,0x00000000fe680000)
 ParOldGen       total 175104K, used 15180K [0x00000000e0000000, 0x00000000eab00000, 0x00000000f5580000)
  object space 175104K, 8% used [0x00000000e0000000,0x00000000e0ed30c0,0x00000000eab00000)
 Metaspace       used 38840K, capacity 39656K, committed 39936K, reserved 1083392K
  class space    used 5595K, capacity 5832K, committed 5888K, reserved 1048576K
GC Heap History (10 events):
Event: 63.366 GC heap before
{Heap before GC invocations=5 (full 1):
 PSYoungGen      total 76288K, used 65536K [0x00000000f5580000, 0x00000000faa80000, 0x0000000100000000)
  eden space 65536K, 100% used [0x00000000f5580000,0x00000000f9580000,0x00000000f9580000)
  from space 10752K, 0% used [0x00000000f9580000,0x00000000f9580000,0x00000000fa000000)
  to   space 10752K, 0% used [0x00000000fa000000,0x00000000fa000000,0x00000000faa80000)
 ParOldGen       total 175104K, used 9960K [0x00000000e0000000, 0x00000000eab00000, 0x00000000f5580000)
  object space 175104K, 5% used [0x00000000e0000000,0x00000000e09ba248,0x00000000eab00000)
 Metaspace       used 28475K, capacity 29130K, committed 29312K, reserved 1075200K
  class space    used 3986K, capacity 4160K, committed 4224K, reserved 1048576K
Event: 63.369 GC heap after
Heap after GC invocations=5 (full 1):
 PSYoungGen      total 76288K, used 7912K [0x00000000f5580000, 0x00000000faa80000, 0x0000000100000000)
  eden space 65536K, 0% used [0x00000000f5580000,0x00000000f5580000,0x00000000f9580000)
  from space 10752K, 73% used [0x00000000fa000000,0x00000000fa7ba2e8,0x00000000faa80000)
  to   space 10752K, 0% used [0x00000000f9580000,0x00000000f9580000,0x00000000fa000000)
 ParOldGen       total 175104K, used 9968K [0x00000000e0000000, 0x00000000eab00000, 0x00000000f5580000)
  object space 175104K, 5% used [0x00000000e0000000,0x00000000e09bc248,0x00000000eab00000)
 Metaspace       used 28475K, capacity 29130K, committed 29312K, reserved 1075200K
  class space    used 3986K, capacity 4160K, committed 4224K, reserved 1048576K
}
Event: 104.296 GC heap before
{Heap before GC invocations=6 (full 1):
 PSYoungGen      total 76288K, used 73448K [0x00000000f5580000, 0x00000000faa80000, 0x0000000100000000)
  eden space 65536K, 100% used [0x00000000f5580000,0x00000000f9580000,0x00000000f9580000)
  from space 10752K, 73% used [0x00000000fa000000,0x00000000fa7ba2e8,0x00000000faa80000)
  to   space 10752K, 0% used [0x00000000f9580000,0x00000000f9580000,0x00000000fa000000)
 ParOldGen       total 175104K, used 9968K [0x00000000e0000000, 0x00000000eab00000, 0x00000000f5580000)
  object space 175104K, 5% used [0x00000000e0000000,0x00000000e09bc248,0x00000000eab00000)
 Metaspace       used 32177K, capacity 32824K, committed 33152K, reserved 1077248K
  class space    used 4474K, capacity 4678K, committed 4736K, reserved 1048576K
Event: 104.511 GC heap after
Heap after GC invocations=6 (full 1):
 PSYoungGen      total 72192K, used 8066K [0x00000000f5580000, 0x00000000fab00000, 0x0000000100000000)
  eden space 64000K, 0% used [0x00000000f5580000,0x00000000f5580000,0x00000000f9400000)
  from space 8192K, 98% used [0x00000000f9580000,0x00000000f9d609d0,0x00000000f9d80000)
  to   space 11776K, 0% used [0x00000000f9f80000,0x00000000f9f80000,0x00000000fab00000)
 ParOldGen       total 175104K, used 9976K [0x00000000e0000000, 0x00000000eab00000, 0x00000000f5580000)
  object space 175104K, 5% used [0x00000000e0000000,0x00000000e09be248,0x00000000eab00000)
 Metaspace       used 32177K, capacity 32824K, committed 33152K, reserved 1077248K
  class space    used 4474K, capacity 4678K, committed 4736K, reserved 1048576K
}
Event: 106.086 GC heap before
{Heap before GC invocations=7 (full 1):
 PSYoungGen      total 72192K, used 45450K [0x00000000f5580000, 0x00000000fab00000, 0x0000000100000000)
  eden space 64000K, 58% used [0x00000000f5580000,0x00000000f7a01f50,0x00000000f9400000)
  from space 8192K, 98% used [0x00000000f9580000,0x00000000f9d609d0,0x00000000f9d80000)
  to   space 11776K, 0% used [0x00000000f9f80000,0x00000000f9f80000,0x00000000fab00000)
 ParOldGen       total 175104K, used 9976K [0x00000000e0000000, 0x00000000eab00000, 0x00000000f5580000)
  object space 175104K, 5% used [0x00000000e0000000,0x00000000e09be248,0x00000000eab00000)
 Metaspace       used 34580K, capacity 35302K, committed 35416K, reserved 1079296K
  class space    used 4865K, capacity 5049K, committed 5120K, reserved 1048576K
Event: 106.113 GC heap after
Heap after GC invocations=7 (full 1):
 PSYoungGen      total 75776K, used 8493K [0x00000000f5580000, 0x00000000faa80000, 0x0000000100000000)
  eden space 64512K, 0% used [0x00000000f5580000,0x00000000f5580000,0x00000000f9480000)
  from space 11264K, 75% used [0x00000000f9f80000,0x00000000fa7cb660,0x00000000faa80000)
  to   space 11264K, 0% used [0x00000000f9480000,0x00000000f9480000,0x00000000f9f80000)
 ParOldGen       total 175104K, used 9984K [0x00000000e0000000, 0x00000000eab00000, 0x00000000f5580000)
  object space 175104K, 5% used [0x00000000e0000000,0x00000000e09c0248,0x00000000eab00000)
 Metaspace       used 34580K, capacity 35302K, committed 35416K, reserved 1079296K
  class space    used 4865K, capacity 5049K, committed 5120K, reserved 1048576K
}
Event: 106.113 GC heap before
{Heap before GC invocations=8 (full 2):
 PSYoungGen      total 75776K, used 8493K [0x00000000f5580000, 0x00000000faa80000, 0x0000000100000000)
  eden space 64512K, 0% used [0x00000000f5580000,0x00000000f5580000,0x00000000f9480000)
  from space 11264K, 75% used [0x00000000f9f80000,0x00000000fa7cb660,0x00000000faa80000)
  to   space 11264K, 0% used [0x00000000f9480000,0x00000000f9480000,0x00000000f9f80000)
 ParOldGen       total 175104K, used 9984K [0x00000000e0000000, 0x00000000eab00000, 0x00000000f5580000)
  object space 175104K, 5% used [0x00000000e0000000,0x00000000e09c0248,0x00000000eab00000)
 Metaspace       used 34580K, capacity 35302K, committed 35416K, reserved 1079296K
  class space    used 4865K, capacity 5049K, committed 5120K, reserved 1048576K
Event: 106.236 GC heap after
Heap after GC invocations=8 (full 2):
 PSYoungGen      total 75776K, used 0K [0x00000000f5580000, 0x00000000faa80000, 0x0000000100000000)
  eden space 64512K, 0% used [0x00000000f5580000,0x00000000f5580000,0x00000000f9480000)
  from space 11264K, 0% used [0x00000000f9f80000,0x00000000f9f80000,0x00000000faa80000)
  to   space 11264K, 0% used [0x00000000f9480000,0x00000000f9480000,0x00000000f9f80000)
 ParOldGen       total 175104K, used 15172K [0x00000000e0000000, 0x00000000eab00000, 0x00000000f5580000)
  object space 175104K, 8% used [0x00000000e0000000,0x00000000e0ed10c0,0x00000000eab00000)
 Metaspace       used 34580K, capacity 35302K, committed 35416K, reserved 1079296K
  class space    used 4865K, capacity 5049K, committed 5120K, reserved 1048576K
}
Event: 110.016 GC heap before
{Heap before GC invocations=9 (full 2):
 PSYoungGen      total 75776K, used 64512K [0x00000000f5580000, 0x00000000faa80000, 0x0000000100000000)
  eden space 64512K, 100% used [0x00000000f5580000,0x00000000f9480000,0x00000000f9480000)
  from space 11264K, 0% used [0x00000000f9f80000,0x00000000f9f80000,0x00000000faa80000)
  to   space 11264K, 0% used [0x00000000f9480000,0x00000000f9480000,0x00000000f9f80000)
 ParOldGen       total 175104K, used 15172K [0x00000000e0000000, 0x00000000eab00000, 0x00000000f5580000)
  object space 175104K, 8% used [0x00000000e0000000,0x00000000e0ed10c0,0x00000000eab00000)
 Metaspace       used 38793K, capacity 39568K, committed 39680K, reserved 1083392K
  class space    used 5586K, capacity 5826K, committed 5888K, reserved 1048576K
Event: 110.481 GC heap after
Heap after GC invocations=9 (full 2):
 PSYoungGen      total 75776K, used 5555K [0x00000000f5580000, 0x00000000fe680000, 0x0000000100000000)
  eden space 64512K, 0% used [0x00000000f5580000,0x00000000f5580000,0x00000000f9480000)
  from space 11264K, 49% used [0x00000000f9480000,0x00000000f99ecc08,0x00000000f9f80000)
  to   space 11776K, 0% used [0x00000000fdb00000,0x00000000fdb00000,0x00000000fe680000)
 ParOldGen       total 175104K, used 15180K [0x00000000e0000000, 0x00000000eab00000, 0x00000000f5580000)
  object space 175104K, 8% used [0x00000000e0000000,0x00000000e0ed30c0,0x00000000eab00000)
 Metaspace       used 38793K, capacity 39568K, committed 39680K, reserved 1083392K
  class space    used 5586K, capacity 5826K, committed 5888K, reserved 1048576K
}

