# JRE version: Java(TM) SE Runtime Environment (8.0_181-b13) (build 1.8.0_181-b13)
# Java VM: Java HotSpot(TM) 64-Bit Server VM (25.181-b13 mixed mode windows-amd64 compressed oops)
Heap:
 PSYoungGen      total 141824K, used 58659K [0x00000000f5580000, 0x00000000fea80000, 0x0000000100000000)
  eden space 131072K, 44% used [0x00000000f5580000,0x00000000f8ec8f58,0x00000000fd580000)
  from space 10752K, 0% used [0x00000000fe000000,0x00000000fe000000,0x00000000fea80000)
  to   space 10752K, 0% used [0x00000000fd580000,0x00000000fd580000,0x00000000fe000000)
 ParOldGen       total 175104K, used 8006K [0x00000000e0000000, 0x00000000eab00000, 0x00000000f5580000)
  object space 175104K, 4% used [0x00000000e0000000,0x00000000e07d1830,0x00000000eab00000)
 Metaspace       used 27567K, capacity 28170K, committed 28288K, reserved 1073152K
  class space    used 3806K, capacity 3968K, committed 3968K, reserved 1048576K
GC Heap History (10 events):
Event: 7.700 GC heap before
{Heap before GC invocations=1 (full 0):
 PSYoungGen      total 76288K, used 65536K [0x00000000f5580000, 0x00000000faa80000, 0x0000000100000000)
  eden space 65536K, 100% used [0x00000000f5580000,0x00000000f9580000,0x00000000f9580000)
  from space 10752K, 0% used [0x00000000fa000000,0x00000000fa000000,0x00000000faa80000)
  to   space 10752K, 0% used [0x00000000f9580000,0x00000000f9580000,0x00000000fa000000)
 ParOldGen       total 175104K, used 0K [0x00000000e0000000, 0x00000000eab00000, 0x00000000f5580000)
  object space 175104K, 0% used [0x00000000e0000000,0x00000000e0000000,0x00000000eab00000)
 Metaspace       used 10105K, capacity 10458K, committed 10752K, reserved 1058816K
  class space    used 1375K, capacity 1489K, committed 1536K, reserved 1048576K
Event: 7.719 GC heap after
Heap after GC invocations=1 (full 0):
 PSYoungGen      total 76288K, used 7775K [0x00000000f5580000, 0x00000000faa80000, 0x0000000100000000)
  eden space 65536K, 0% used [0x00000000f5580000,0x00000000f5580000,0x00000000f9580000)
  from space 10752K, 72% used [0x00000000f9580000,0x00000000f9d17dc8,0x00000000fa000000)
  to   space 10752K, 0% used [0x00000000fa000000,0x00000000fa000000,0x00000000faa80000)
 ParOldGen       total 175104K, used 8K [0x00000000e0000000, 0x00000000eab00000, 0x00000000f5580000)
  object space 175104K, 0% used [0x00000000e0000000,0x00000000e0002000,0x00000000eab00000)
 Metaspace       used 10105K, capacity 10458K, committed 10752K, reserved 1058816K
  class space    used 1375K, capacity 1489K, committed 1536K, reserved 1048576K
}
Event: 16.847 GC heap before
{Heap before GC invocations=2 (full 0):
 PSYoungGen      total 76288K, used 73311K [0x00000000f5580000, 0x00000000faa80000, 0x0000000100000000)
  eden space 65536K, 100% used [0x00000000f5580000,0x00000000f9580000,0x00000000f9580000)
  from space 10752K, 72% used [0x00000000f9580000,0x00000000f9d17dc8,0x00000000fa000000)
  to   space 10752K, 0% used [0x00000000fa000000,0x00000000fa000000,0x00000000faa80000)
 ParOldGen       total 175104K, used 8K [0x00000000e0000000, 0x00000000eab00000, 0x00000000f5580000)
  object space 175104K, 0% used [0x00000000e0000000,0x00000000e0002000,0x00000000eab00000)
 Metaspace       used 16512K, capacity 17036K, committed 17152K, reserved 1064960K
  class space    used 2395K, capacity 2556K, committed 2560K, reserved 1048576K
Event: 17.132 GC heap after
Heap after GC invocations=2 (full 0):
 PSYoungGen      total 76288K, used 10549K [0x00000000f5580000, 0x00000000fea80000, 0x0000000100000000)
  eden space 65536K, 0% used [0x00000000f5580000,0x00000000f5580000,0x00000000f9580000)
  from space 10752K, 98% used [0x00000000fa000000,0x00000000faa4d530,0x00000000faa80000)
  to   space 10752K, 0% used [0x00000000f9580000,0x00000000f9580000,0x00000000fa000000)
 ParOldGen       total 175104K, used 16K [0x00000000e0000000, 0x00000000eab00000, 0x00000000f5580000)
  object space 175104K, 0% used [0x00000000e0000000,0x00000000e0004000,0x00000000eab00000)
 Metaspace       used 16512K, capacity 17036K, committed 17152K, reserved 1064960K
  class space    used 2395K, capacity 2556K, committed 2560K, reserved 1048576K
}
Event: 129.003 GC heap before
{Heap before GC invocations=3 (full 0):
 PSYoungGen      total 76288K, used 76085K [0x00000000f5580000, 0x00000000fea80000, 0x0000000100000000)
  eden space 65536K, 100% used [0x00000000f5580000,0x00000000f9580000,0x00000000f9580000)
  from space 10752K, 98% used [0x00000000fa000000,0x00000000faa4d530,0x00000000faa80000)
  to   space 10752K, 0% used [0x00000000f9580000,0x00000000f9580000,0x00000000fa000000)
 ParOldGen       total 175104K, used 16K [0x00000000e0000000, 0x00000000eab00000, 0x00000000f5580000)
  object space 175104K, 0% used [0x00000000e0000000,0x00000000e0004000,0x00000000eab00000)
 Metaspace       used 19048K, capacity 19616K, committed 19968K, reserved 1067008K
  class space    used 2811K, capacity 2996K, committed 3072K, reserved 1048576K
Event: 129.014 GC heap after
Heap after GC invocations=3 (full 0):
 PSYoungGen      total 76288K, used 8564K [0x00000000f5580000, 0x00000000fea80000, 0x0000000100000000)
  eden space 65536K, 0% used [0x00000000f5580000,0x00000000f5580000,0x00000000f9580000)
  from space 10752K, 79% used [0x00000000f9580000,0x00000000f9ddd048,0x00000000fa000000)
  to   space 10752K, 0% used [0x00000000fe000000,0x00000000fe000000,0x00000000fea80000)
 ParOldGen       total 175104K, used 32K [0x00000000e0000000, 0x00000000eab00000, 0x00000000f5580000)
  object space 175104K, 0% used [0x00000000e0000000,0x00000000e0008000,0x00000000eab00000)
 Metaspace       used 19048K, capacity 19616K, committed 19968K, reserved 1067008K
  class space    used 2811K, capacity 2996K, committed 3072K, reserved 1048576K
}
Event: 129.162 GC heap before
{Heap before GC invocations=4 (full 0):
 PSYoungGen      total 76288K, used 22302K [0x00000000f5580000, 0x00000000fea80000, 0x0000000100000000)
  eden space 65536K, 20% used [0x00000000f5580000,0x00000000f62eab08,0x00000000f9580000)
  from space 10752K, 79% used [0x00000000f9580000,0x00000000f9ddd048,0x00000000fa000000)
  to   space 10752K, 0% used [0x00000000fe000000,0x00000000fe000000,0x00000000fea80000)
 ParOldGen       total 175104K, used 32K [0x00000000e0000000, 0x00000000eab00000, 0x00000000f5580000)
  object space 175104K, 0% used [0x00000000e0000000,0x00000000e0008000,0x00000000eab00000)
 Metaspace       used 20490K, capacity 21070K, committed 21248K, reserved 1067008K
  class space    used 3030K, capacity 3224K, committed 3328K, reserved 1048576K
Event: 129.171 GC heap after
Heap after GC invocations=4 (full 0):
 PSYoungGen      total 141824K, used 8208K [0x00000000f5580000, 0x00000000fea80000, 0x0000000100000000)
  eden space 131072K, 0% used [0x00000000f5580000,0x00000000f5580000,0x00000000fd580000)
  from space 10752K, 76% used [0x00000000fe000000,0x00000000fe804008,0x00000000fea80000)
  to   space 10752K, 0% used [0x00000000fd580000,0x00000000fd580000,0x00000000fe000000)
 ParOldGen       total 175104K, used 40K [0x00000000e0000000, 0x00000000eab00000, 0x00000000f5580000)
  object space 175104K, 0% used [0x00000000e0000000,0x00000000e000a000,0x00000000eab00000)
 Metaspace       used 20490K, capacity 21070K, committed 21248K, reserved 1067008K
  class space    used 3030K, capacity 3224K, committed 3328K, reserved 1048576K
}
Event: 129.171 GC heap before
{Heap before GC invocations=5 (full 1):
 PSYoungGen      total 141824K, used 8208K [0x00000000f5580000, 0x00000000fea80000, 0x0000000100000000)
  eden space 131072K, 0% used [0x00000000f5580000,0x00000000f5580000,0x00000000fd580000)
  from space 10752K, 76% used [0x00000000fe000000,0x00000000fe804008,0x00000000fea80000)
  to   space 10752K, 0% used [0x00000000fd580000,0x00000000fd580000,0x00000000fe000000)
 ParOldGen       total 175104K, used 40K [0x00000000e0000000, 0x00000000eab00000, 0x00000000f5580000)
  object space 175104K, 0% used [0x00000000e0000000,0x00000000e000a000,0x00000000eab00000)
 Metaspace       used 20490K, capacity 21070K, committed 21248K, reserved 1067008K
  class space    used 3030K, capacity 3224K, committed 3328K, reserved 1048576K
Event: 129.211 GC heap after
Heap after GC invocations=5 (full 1):
 PSYoungGen      total 141824K, used 0K [0x00000000f5580000, 0x00000000fea80000, 0x0000000100000000)
  eden space 131072K, 0% used [0x00000000f5580000,0x00000000f5580000,0x00000000fd580000)
  from space 10752K, 0% used [0x00000000fe000000,0x00000000fe000000,0x00000000fea80000)
  to   space 10752K, 0% used [0x00000000fd580000,0x00000000fd580000,0x00000000fe000000)
 ParOldGen       total 175104K, used 8006K [0x00000000e0000000, 0x00000000eab00000, 0x00000000f5580000)
  object space 175104K, 4% used [0x00000000e0000000,0x00000000e07d1830,0x00000000eab00000)
 Metaspace       used 20490K, capacity 21070K, committed 21248K, reserved 1067008K
  class space    used 3030K, capacity 3224K, committed 3328K, reserved 1048576K
}

