# JRE version: Java(TM) SE Runtime Environment (8.0_181-b13) (build 1.8.0_181-b13)
# Java VM: Java HotSpot(TM) 64-Bit Server VM (25.181-b13 mixed mode windows-amd64 compressed oops)
Heap:
 PSYoungGen      total 141824K, used 67612K [0x00000000f5580000, 0x00000000fff00000, 0x0000000100000000)
  eden space 130560K, 51% used [0x00000000f5580000,0x00000000f9787200,0x00000000fd500000)
  from space 11264K, 0% used [0x00000000fd500000,0x00000000fd500000,0x00000000fe000000)
  to   space 10752K, 0% used [0x00000000ff480000,0x00000000ff480000,0x00000000fff00000)
 ParOldGen       total 175104K, used 14936K [0x00000000e0000000, 0x00000000eab00000, 0x00000000f5580000)
  object space 175104K, 8% used [0x00000000e0000000,0x00000000e0e96328,0x00000000eab00000)
 Metaspace       used 38749K, capacity 39562K, committed 39680K, reserved 1083392K
  class space    used 5583K, capacity 5825K, committed 5888K, reserved 1048576K
GC Heap History (10 events):
Event: 91.753 GC heap before
{Heap before GC invocations=5 (full 1):
 PSYoungGen      total 76288K, used 7311K [0x00000000f5580000, 0x00000000fea80000, 0x0000000100000000)
  eden space 65536K, 0% used [0x00000000f5580000,0x00000000f5580000,0x00000000f9580000)
  from space 10752K, 68% used [0x00000000fa000000,0x00000000fa723dd0,0x00000000faa80000)
  to   space 10752K, 0% used [0x00000000f9580000,0x00000000f9580000,0x00000000fa000000)
 ParOldGen       total 175104K, used 40K [0x00000000e0000000, 0x00000000eab00000, 0x00000000f5580000)
  object space 175104K, 0% used [0x00000000e0000000,0x00000000e000a000,0x00000000eab00000)
 Metaspace       used 20564K, capacity 21070K, committed 21248K, reserved 1067008K
  class space    used 3041K, capacity 3224K, committed 3328K, reserved 1048576K
Event: 91.787 GC heap after
Heap after GC invocations=5 (full 1):
 PSYoungGen      total 76288K, used 0K [0x00000000f5580000, 0x00000000fea80000, 0x0000000100000000)
  eden space 65536K, 0% used [0x00000000f5580000,0x00000000f5580000,0x00000000f9580000)
  from space 10752K, 0% used [0x00000000fa000000,0x00000000fa000000,0x00000000faa80000)
  to   space 10752K, 0% used [0x00000000f9580000,0x00000000f9580000,0x00000000fa000000)
 ParOldGen       total 175104K, used 7151K [0x00000000e0000000, 0x00000000eab00000, 0x00000000f5580000)
  object space 175104K, 4% used [0x00000000e0000000,0x00000000e06fbf10,0x00000000eab00000)
 Metaspace       used 20564K, capacity 21070K, committed 21248K, reserved 1067008K
  class space    used 3041K, capacity 3224K, committed 3328K, reserved 1048576K
}
Event: 92.306 GC heap before
{Heap before GC invocations=6 (full 1):
 PSYoungGen      total 76288K, used 65536K [0x00000000f5580000, 0x00000000fea80000, 0x0000000100000000)
  eden space 65536K, 100% used [0x00000000f5580000,0x00000000f9580000,0x00000000f9580000)
  from space 10752K, 0% used [0x00000000fa000000,0x00000000fa000000,0x00000000faa80000)
  to   space 10752K, 0% used [0x00000000f9580000,0x00000000f9580000,0x00000000fa000000)
 ParOldGen       total 175104K, used 7151K [0x00000000e0000000, 0x00000000eab00000, 0x00000000f5580000)
  object space 175104K, 4% used [0x00000000e0000000,0x00000000e06fbf10,0x00000000eab00000)
 Metaspace       used 28379K, capacity 28938K, committed 29184K, reserved 1075200K
  class space    used 3960K, capacity 4096K, committed 4096K, reserved 1048576K
Event: 92.309 GC heap after
Heap after GC invocations=6 (full 1):
 PSYoungGen      total 76288K, used 7943K [0x00000000f5580000, 0x00000000feb00000, 0x0000000100000000)
  eden space 65536K, 0% used [0x00000000f5580000,0x00000000f5580000,0x00000000f9580000)
  from space 10752K, 73% used [0x00000000f9580000,0x00000000f9d41c88,0x00000000fa000000)
  to   space 11264K, 0% used [0x00000000fe000000,0x00000000fe000000,0x00000000feb00000)
 ParOldGen       total 175104K, used 7159K [0x00000000e0000000, 0x00000000eab00000, 0x00000000f5580000)
  object space 175104K, 4% used [0x00000000e0000000,0x00000000e06fdf10,0x00000000eab00000)
 Metaspace       used 28379K, capacity 28938K, committed 29184K, reserved 1075200K
  class space    used 3960K, capacity 4096K, committed 4096K, reserved 1048576K
}
Event: 120.098 GC heap before
{Heap before GC invocations=7 (full 1):
 PSYoungGen      total 76288K, used 73479K [0x00000000f5580000, 0x00000000feb00000, 0x0000000100000000)
  eden space 65536K, 100% used [0x00000000f5580000,0x00000000f9580000,0x00000000f9580000)
  from space 10752K, 73% used [0x00000000f9580000,0x00000000f9d41c88,0x00000000fa000000)
  to   space 11264K, 0% used [0x00000000fe000000,0x00000000fe000000,0x00000000feb00000)
 ParOldGen       total 175104K, used 7159K [0x00000000e0000000, 0x00000000eab00000, 0x00000000f5580000)
  object space 175104K, 4% used [0x00000000e0000000,0x00000000e06fdf10,0x00000000eab00000)
 Metaspace       used 32252K, capacity 32956K, committed 33152K, reserved 1077248K
  class space    used 4479K, capacity 4678K, committed 4736K, reserved 1048576K
Event: 120.114 GC heap after
Heap after GC invocations=7 (full 1):
 PSYoungGen      total 141824K, used 8082K [0x00000000f5580000, 0x00000000feb00000, 0x0000000100000000)
  eden space 130560K, 0% used [0x00000000f5580000,0x00000000f5580000,0x00000000fd500000)
  from space 11264K, 71% used [0x00000000fe000000,0x00000000fe7e4850,0x00000000feb00000)
  to   space 11264K, 0% used [0x00000000fd500000,0x00000000fd500000,0x00000000fe000000)
 ParOldGen       total 175104K, used 7167K [0x00000000e0000000, 0x00000000eab00000, 0x00000000f5580000)
  object space 175104K, 4% used [0x00000000e0000000,0x00000000e06fff10,0x00000000eab00000)
 Metaspace       used 32252K, capacity 32956K, committed 33152K, reserved 1077248K
  class space    used 4479K, capacity 4678K, committed 4736K, reserved 1048576K
}
Event: 122.939 GC heap before
{Heap before GC invocations=8 (full 1):
 PSYoungGen      total 141824K, used 46311K [0x00000000f5580000, 0x00000000feb00000, 0x0000000100000000)
  eden space 130560K, 29% used [0x00000000f5580000,0x00000000f7ad5420,0x00000000fd500000)
  from space 11264K, 71% used [0x00000000fe000000,0x00000000fe7e4850,0x00000000feb00000)
  to   space 11264K, 0% used [0x00000000fd500000,0x00000000fd500000,0x00000000fe000000)
 ParOldGen       total 175104K, used 7167K [0x00000000e0000000, 0x00000000eab00000, 0x00000000f5580000)
  object space 175104K, 4% used [0x00000000e0000000,0x00000000e06fff10,0x00000000eab00000)
 Metaspace       used 34594K, capacity 35302K, committed 35416K, reserved 1079296K
  class space    used 4865K, capacity 5049K, committed 5120K, reserved 1048576K
Event: 122.945 GC heap after
Heap after GC invocations=8 (full 1):
 PSYoungGen      total 141824K, used 8504K [0x00000000f5580000, 0x00000000fff00000, 0x0000000100000000)
  eden space 130560K, 0% used [0x00000000f5580000,0x00000000f5580000,0x00000000fd500000)
  from space 11264K, 75% used [0x00000000fd500000,0x00000000fdd4e2e8,0x00000000fe000000)
  to   space 10752K, 0% used [0x00000000ff480000,0x00000000ff480000,0x00000000fff00000)
 ParOldGen       total 175104K, used 7175K [0x00000000e0000000, 0x00000000eab00000, 0x00000000f5580000)
  object space 175104K, 4% used [0x00000000e0000000,0x00000000e0701f10,0x00000000eab00000)
 Metaspace       used 34594K, capacity 35302K, committed 35416K, reserved 1079296K
  class space    used 4865K, capacity 5049K, committed 5120K, reserved 1048576K
}
Event: 122.945 GC heap before
{Heap before GC invocations=9 (full 2):
 PSYoungGen      total 141824K, used 8504K [0x00000000f5580000, 0x00000000fff00000, 0x0000000100000000)
  eden space 130560K, 0% used [0x00000000f5580000,0x00000000f5580000,0x00000000fd500000)
  from space 11264K, 75% used [0x00000000fd500000,0x00000000fdd4e2e8,0x00000000fe000000)
  to   space 10752K, 0% used [0x00000000ff480000,0x00000000ff480000,0x00000000fff00000)
 ParOldGen       total 175104K, used 7175K [0x00000000e0000000, 0x00000000eab00000, 0x00000000f5580000)
  object space 175104K, 4% used [0x00000000e0000000,0x00000000e0701f10,0x00000000eab00000)
 Metaspace       used 34594K, capacity 35302K, committed 35416K, reserved 1079296K
  class space    used 4865K, capacity 5049K, committed 5120K, reserved 1048576K
Event: 123.032 GC heap after
Heap after GC invocations=9 (full 2):
 PSYoungGen      total 141824K, used 0K [0x00000000f5580000, 0x00000000fff00000, 0x0000000100000000)
  eden space 130560K, 0% used [0x00000000f5580000,0x00000000f5580000,0x00000000fd500000)
  from space 11264K, 0% used [0x00000000fd500000,0x00000000fd500000,0x00000000fe000000)
  to   space 10752K, 0% used [0x00000000ff480000,0x00000000ff480000,0x00000000fff00000)
 ParOldGen       total 175104K, used 14936K [0x00000000e0000000, 0x00000000eab00000, 0x00000000f5580000)
  object space 175104K, 8% used [0x00000000e0000000,0x00000000e0e96328,0x00000000eab00000)
 Metaspace       used 34594K, capacity 35302K, committed 35416K, reserved 1079296K
  class space    used 4865K, capacity 5049K, committed 5120K, reserved 1048576K
}

