# JRE version: Java(TM) SE Runtime Environment (8.0_181-b13) (build 1.8.0_181-b13)
# Java VM: Java HotSpot(TM) 64-Bit Server VM (25.181-b13 mixed mode windows-amd64 compressed oops)
Heap:
 PSYoungGen      total 131072K, used 47934K [0x00000000f5580000, 0x00000000fe580000, 0x0000000100000000)
  eden space 122368K, 32% used [0x00000000f5580000,0x00000000f7bd6cb8,0x00000000fcd00000)
  from space 8704K, 99% used [0x00000000fdd00000,0x00000000fe578eb8,0x00000000fe580000)
  to   space 11264K, 0% used [0x00000000fcf80000,0x00000000fcf80000,0x00000000fda80000)
 ParOldGen       total 175104K, used 16957K [0x00000000e0000000, 0x00000000eab00000, 0x00000000f5580000)
  object space 175104K, 9% used [0x00000000e0000000,0x00000000e108f500,0x00000000eab00000)
 Metaspace       used 41594K, capacity 42800K, committed 43008K, reserved 1085440K
  class space    used 5989K, capacity 6360K, committed 6400K, reserved 1048576K
GC Heap History (10 events):
Event: 103.185 GC heap before
{Heap before GC invocations=6 (full 1):
 PSYoungGen      total 76288K, used 65536K [0x00000000f5580000, 0x00000000fea80000, 0x0000000100000000)
  eden space 65536K, 100% used [0x00000000f5580000,0x00000000f9580000,0x00000000f9580000)
  from space 10752K, 0% used [0x00000000fa000000,0x00000000fa000000,0x00000000faa80000)
  to   space 10752K, 0% used [0x00000000f9580000,0x00000000f9580000,0x00000000fa000000)
 ParOldGen       total 175104K, used 7495K [0x00000000e0000000, 0x00000000eab00000, 0x00000000f5580000)
  object space 175104K, 4% used [0x00000000e0000000,0x00000000e0751d00,0x00000000eab00000)
 Metaspace       used 28363K, capacity 28890K, committed 28928K, reserved 1075200K
  class space    used 3960K, capacity 4096K, committed 4096K, reserved 1048576K
Event: 103.190 GC heap after
Heap after GC invocations=6 (full 1):
 PSYoungGen      total 76288K, used 7904K [0x00000000f5580000, 0x00000000feb00000, 0x0000000100000000)
  eden space 65536K, 0% used [0x00000000f5580000,0x00000000f5580000,0x00000000f9580000)
  from space 10752K, 73% used [0x00000000f9580000,0x00000000f9d38390,0x00000000fa000000)
  to   space 11264K, 0% used [0x00000000fe000000,0x00000000fe000000,0x00000000feb00000)
 ParOldGen       total 175104K, used 7503K [0x00000000e0000000, 0x00000000eab00000, 0x00000000f5580000)
  object space 175104K, 4% used [0x00000000e0000000,0x00000000e0753d00,0x00000000eab00000)
 Metaspace       used 28363K, capacity 28890K, committed 28928K, reserved 1075200K
  class space    used 3960K, capacity 4096K, committed 4096K, reserved 1048576K
}
Event: 138.264 GC heap before
{Heap before GC invocations=7 (full 1):
 PSYoungGen      total 76288K, used 73440K [0x00000000f5580000, 0x00000000feb00000, 0x0000000100000000)
  eden space 65536K, 100% used [0x00000000f5580000,0x00000000f9580000,0x00000000f9580000)
  from space 10752K, 73% used [0x00000000f9580000,0x00000000f9d38390,0x00000000fa000000)
  to   space 11264K, 0% used [0x00000000fe000000,0x00000000fe000000,0x00000000feb00000)
 ParOldGen       total 175104K, used 7503K [0x00000000e0000000, 0x00000000eab00000, 0x00000000f5580000)
  object space 175104K, 4% used [0x00000000e0000000,0x00000000e0753d00,0x00000000eab00000)
 Metaspace       used 32195K, capacity 32904K, committed 33152K, reserved 1077248K
  class space    used 4475K, capacity 4678K, committed 4736K, reserved 1048576K
Event: 138.273 GC heap after
Heap after GC invocations=7 (full 1):
 PSYoungGen      total 139776K, used 8129K [0x00000000f5580000, 0x00000000fe980000, 0x0000000100000000)
  eden space 130048K, 0% used [0x00000000f5580000,0x00000000f5580000,0x00000000fd480000)
  from space 9728K, 83% used [0x00000000fe000000,0x00000000fe7f0648,0x00000000fe980000)
  to   space 10752K, 0% used [0x00000000fd480000,0x00000000fd480000,0x00000000fdf00000)
 ParOldGen       total 175104K, used 7511K [0x00000000e0000000, 0x00000000eab00000, 0x00000000f5580000)
  object space 175104K, 4% used [0x00000000e0000000,0x00000000e0755d00,0x00000000eab00000)
 Metaspace       used 32195K, capacity 32904K, committed 33152K, reserved 1077248K
  class space    used 4475K, capacity 4678K, committed 4736K, reserved 1048576K
}
Event: 175.613 GC heap before
{Heap before GC invocations=8 (full 1):
 PSYoungGen      total 139776K, used 49975K [0x00000000f5580000, 0x00000000fe980000, 0x0000000100000000)
  eden space 130048K, 32% used [0x00000000f5580000,0x00000000f7e5d730,0x00000000fd480000)
  from space 9728K, 83% used [0x00000000fe000000,0x00000000fe7f0648,0x00000000fe980000)
  to   space 10752K, 0% used [0x00000000fd480000,0x00000000fd480000,0x00000000fdf00000)
 ParOldGen       total 175104K, used 7511K [0x00000000e0000000, 0x00000000eab00000, 0x00000000f5580000)
  object space 175104K, 4% used [0x00000000e0000000,0x00000000e0755d00,0x00000000eab00000)
 Metaspace       used 34712K, capacity 35374K, committed 35416K, reserved 1079296K
  class space    used 4887K, capacity 5085K, committed 5120K, reserved 1048576K
Event: 175.627 GC heap after
Heap after GC invocations=8 (full 1):
 PSYoungGen      total 134656K, used 8611K [0x00000000f5580000, 0x00000000fe580000, 0x0000000100000000)
  eden space 125952K, 0% used [0x00000000f5580000,0x00000000f5580000,0x00000000fd080000)
  from space 8704K, 98% used [0x00000000fd480000,0x00000000fdce8d60,0x00000000fdd00000)
  to   space 8704K, 0% used [0x00000000fdd00000,0x00000000fdd00000,0x00000000fe580000)
 ParOldGen       total 175104K, used 7519K [0x00000000e0000000, 0x00000000eab00000, 0x00000000f5580000)
  object space 175104K, 4% used [0x00000000e0000000,0x00000000e0757d00,0x00000000eab00000)
 Metaspace       used 34712K, capacity 35374K, committed 35416K, reserved 1079296K
  class space    used 4887K, capacity 5085K, committed 5120K, reserved 1048576K
}
Event: 175.627 GC heap before
{Heap before GC invocations=9 (full 2):
 PSYoungGen      total 134656K, used 8611K [0x00000000f5580000, 0x00000000fe580000, 0x0000000100000000)
  eden space 125952K, 0% used [0x00000000f5580000,0x00000000f5580000,0x00000000fd080000)
  from space 8704K, 98% used [0x00000000fd480000,0x00000000fdce8d60,0x00000000fdd00000)
  to   space 8704K, 0% used [0x00000000fdd00000,0x00000000fdd00000,0x00000000fe580000)
 ParOldGen       total 175104K, used 7519K [0x00000000e0000000, 0x00000000eab00000, 0x00000000f5580000)
  object space 175104K, 4% used [0x00000000e0000000,0x00000000e0757d00,0x00000000eab00000)
 Metaspace       used 34712K, capacity 35374K, committed 35416K, reserved 1079296K
  class space    used 4887K, capacity 5085K, committed 5120K, reserved 1048576K
Event: 175.787 GC heap after
Heap after GC invocations=9 (full 2):
 PSYoungGen      total 134656K, used 0K [0x00000000f5580000, 0x00000000fe580000, 0x0000000100000000)
  eden space 125952K, 0% used [0x00000000f5580000,0x00000000f5580000,0x00000000fd080000)
  from space 8704K, 0% used [0x00000000fd480000,0x00000000fd480000,0x00000000fdd00000)
  to   space 8704K, 0% used [0x00000000fdd00000,0x00000000fdd00000,0x00000000fe580000)
 ParOldGen       total 175104K, used 15094K [0x00000000e0000000, 0x00000000eab00000, 0x00000000f5580000)
  object space 175104K, 8% used [0x00000000e0000000,0x00000000e0ebda40,0x00000000eab00000)
 Metaspace       used 34712K, capacity 35374K, committed 35416K, reserved 1079296K
  class space    used 4887K, capacity 5085K, committed 5120K, reserved 1048576K
}
Event: 189.831 GC heap before
{Heap before GC invocations=10 (full 2):
 PSYoungGen      total 134656K, used 125952K [0x00000000f5580000, 0x00000000fe580000, 0x0000000100000000)
  eden space 125952K, 100% used [0x00000000f5580000,0x00000000fd080000,0x00000000fd080000)
  from space 8704K, 0% used [0x00000000fd480000,0x00000000fd480000,0x00000000fdd00000)
  to   space 8704K, 0% used [0x00000000fdd00000,0x00000000fdd00000,0x00000000fe580000)
 ParOldGen       total 175104K, used 15094K [0x00000000e0000000, 0x00000000eab00000, 0x00000000f5580000)
  object space 175104K, 8% used [0x00000000e0000000,0x00000000e0ebda40,0x00000000eab00000)
 Metaspace       used 40734K, capacity 41806K, committed 42112K, reserved 1085440K
  class space    used 5880K, capacity 6201K, committed 6272K, reserved 1048576K
Event: 189.868 GC heap after
Heap after GC invocations=10 (full 2):
 PSYoungGen      total 131072K, used 8675K [0x00000000f5580000, 0x00000000fe580000, 0x0000000100000000)
  eden space 122368K, 0% used [0x00000000f5580000,0x00000000f5580000,0x00000000fcd00000)
  from space 8704K, 99% used [0x00000000fdd00000,0x00000000fe578eb8,0x00000000fe580000)
  to   space 11264K, 0% used [0x00000000fcf80000,0x00000000fcf80000,0x00000000fda80000)
 ParOldGen       total 175104K, used 16957K [0x00000000e0000000, 0x00000000eab00000, 0x00000000f5580000)
  object space 175104K, 9% used [0x00000000e0000000,0x00000000e108f500,0x00000000eab00000)
 Metaspace       used 40734K, capacity 41806K, committed 42112K, reserved 1085440K
  class space    used 5880K, capacity 6201K, committed 6272K, reserved 1048576K
}

