# JRE version: Java(TM) SE Runtime Environment (8.0_181-b13) (build 1.8.0_181-b13)
# Java VM: Java HotSpot(TM) 64-Bit Server VM (25.181-b13 mixed mode windows-amd64 compressed oops)
Heap:
 PSYoungGen      total 162816K, used 43904K [0x00000000f5580000, 0x0000000100000000, 0x0000000100000000)
  eden space 151040K, 21% used [0x00000000f5580000,0x00000000f74e2a80,0x00000000fe900000)
  from space 11776K, 99% used [0x00000000fe900000,0x00000000ff47d870,0x00000000ff480000)
  to   space 11776K, 0% used [0x00000000ff480000,0x00000000ff480000,0x0000000100000000)
 ParOldGen       total 175104K, used 22819K [0x00000000e0000000, 0x00000000eab00000, 0x00000000f5580000)
  object space 175104K, 13% used [0x00000000e0000000,0x00000000e1648d30,0x00000000eab00000)
 Metaspace       used 45747K, capacity 47440K, committed 47744K, reserved 1089536K
  class space    used 6509K, capacity 6924K, committed 7040K, reserved 1048576K
GC Heap History (10 events):
Event: 118.298 GC heap before
{Heap before GC invocations=7 (full 1):
 PSYoungGen      total 76288K, used 73309K [0x00000000f5580000, 0x00000000fec80000, 0x0000000100000000)
  eden space 65536K, 100% used [0x00000000f5580000,0x00000000f9580000,0x00000000f9580000)
  from space 10752K, 72% used [0x00000000f9580000,0x00000000f9d175b0,0x00000000fa000000)
  to   space 11776K, 0% used [0x00000000fe100000,0x00000000fe100000,0x00000000fec80000)
 ParOldGen       total 175104K, used 7068K [0x00000000e0000000, 0x00000000eab00000, 0x00000000f5580000)
  object space 175104K, 4% used [0x00000000e0000000,0x00000000e06e71c0,0x00000000eab00000)
 Metaspace       used 32256K, capacity 32962K, committed 33152K, reserved 1077248K
  class space    used 4473K, capacity 4679K, committed 4736K, reserved 1048576K
Event: 118.304 GC heap after
Heap after GC invocations=7 (full 1):
 PSYoungGen      total 141824K, used 8404K [0x00000000f5580000, 0x00000000feb80000, 0x0000000100000000)
  eden space 131072K, 0% used [0x00000000f5580000,0x00000000f5580000,0x00000000fd580000)
  from space 10752K, 78% used [0x00000000fe100000,0x00000000fe935008,0x00000000feb80000)
  to   space 11264K, 0% used [0x00000000fd580000,0x00000000fd580000,0x00000000fe080000)
 ParOldGen       total 175104K, used 7076K [0x00000000e0000000, 0x00000000eab00000, 0x00000000f5580000)
  object space 175104K, 4% used [0x00000000e0000000,0x00000000e06e91c0,0x00000000eab00000)
 Metaspace       used 32256K, capacity 32962K, committed 33152K, reserved 1077248K
  class space    used 4473K, capacity 4679K, committed 4736K, reserved 1048576K
}
Event: 118.680 GC heap before
{Heap before GC invocations=8 (full 1):
 PSYoungGen      total 141824K, used 45090K [0x00000000f5580000, 0x00000000feb80000, 0x0000000100000000)
  eden space 131072K, 27% used [0x00000000f5580000,0x00000000f7953818,0x00000000fd580000)
  from space 10752K, 78% used [0x00000000fe100000,0x00000000fe935008,0x00000000feb80000)
  to   space 11264K, 0% used [0x00000000fd580000,0x00000000fd580000,0x00000000fe080000)
 ParOldGen       total 175104K, used 7076K [0x00000000e0000000, 0x00000000eab00000, 0x00000000f5580000)
  object space 175104K, 4% used [0x00000000e0000000,0x00000000e06e91c0,0x00000000eab00000)
 Metaspace       used 34667K, capacity 35358K, committed 35416K, reserved 1079296K
  class space    used 4879K, capacity 5085K, committed 5120K, reserved 1048576K
Event: 118.734 GC heap after
Heap after GC invocations=8 (full 1):
 PSYoungGen      total 142336K, used 8578K [0x00000000f5580000, 0x0000000100000000, 0x0000000100000000)
  eden space 131072K, 0% used [0x00000000f5580000,0x00000000f5580000,0x00000000fd580000)
  from space 11264K, 76% used [0x00000000fd580000,0x00000000fdde08d8,0x00000000fe080000)
  to   space 11264K, 0% used [0x00000000ff500000,0x00000000ff500000,0x0000000100000000)
 ParOldGen       total 175104K, used 7084K [0x00000000e0000000, 0x00000000eab00000, 0x00000000f5580000)
  object space 175104K, 4% used [0x00000000e0000000,0x00000000e06eb1c0,0x00000000eab00000)
 Metaspace       used 34667K, capacity 35358K, committed 35416K, reserved 1079296K
  class space    used 4879K, capacity 5085K, committed 5120K, reserved 1048576K
}
Event: 118.734 GC heap before
{Heap before GC invocations=9 (full 2):
 PSYoungGen      total 142336K, used 8578K [0x00000000f5580000, 0x0000000100000000, 0x0000000100000000)
  eden space 131072K, 0% used [0x00000000f5580000,0x00000000f5580000,0x00000000fd580000)
  from space 11264K, 76% used [0x00000000fd580000,0x00000000fdde08d8,0x00000000fe080000)
  to   space 11264K, 0% used [0x00000000ff500000,0x00000000ff500000,0x0000000100000000)
 ParOldGen       total 175104K, used 7084K [0x00000000e0000000, 0x00000000eab00000, 0x00000000f5580000)
  object space 175104K, 4% used [0x00000000e0000000,0x00000000e06eb1c0,0x00000000eab00000)
 Metaspace       used 34667K, capacity 35358K, committed 35416K, reserved 1079296K
  class space    used 4879K, capacity 5085K, committed 5120K, reserved 1048576K
Event: 118.872 GC heap after
Heap after GC invocations=9 (full 2):
 PSYoungGen      total 142336K, used 0K [0x00000000f5580000, 0x0000000100000000, 0x0000000100000000)
  eden space 131072K, 0% used [0x00000000f5580000,0x00000000f5580000,0x00000000fd580000)
  from space 11264K, 0% used [0x00000000fd580000,0x00000000fd580000,0x00000000fe080000)
  to   space 11264K, 0% used [0x00000000ff500000,0x00000000ff500000,0x0000000100000000)
 ParOldGen       total 175104K, used 15054K [0x00000000e0000000, 0x00000000eab00000, 0x00000000f5580000)
  object space 175104K, 8% used [0x00000000e0000000,0x00000000e0eb3bc0,0x00000000eab00000)
 Metaspace       used 34667K, capacity 35358K, committed 35416K, reserved 1079296K
  class space    used 4879K, capacity 5085K, committed 5120K, reserved 1048576K
}
Event: 128.436 GC heap before
{Heap before GC invocations=10 (full 2):
 PSYoungGen      total 142336K, used 131072K [0x00000000f5580000, 0x0000000100000000, 0x0000000100000000)
  eden space 131072K, 100% used [0x00000000f5580000,0x00000000fd580000,0x00000000fd580000)
  from space 11264K, 0% used [0x00000000fd580000,0x00000000fd580000,0x00000000fe080000)
  to   space 11264K, 0% used [0x00000000ff500000,0x00000000ff500000,0x0000000100000000)
 ParOldGen       total 175104K, used 15054K [0x00000000e0000000, 0x00000000eab00000, 0x00000000f5580000)
  object space 175104K, 8% used [0x00000000e0000000,0x00000000e0eb3bc0,0x00000000eab00000)
 Metaspace       used 40831K, capacity 41972K, committed 42112K, reserved 1085440K
  class space    used 5907K, capacity 6251K, committed 6272K, reserved 1048576K
Event: 128.446 GC heap after
Heap after GC invocations=10 (full 2):
 PSYoungGen      total 162304K, used 11251K [0x00000000f5580000, 0x0000000100000000, 0x0000000100000000)
  eden space 151040K, 0% used [0x00000000f5580000,0x00000000f5580000,0x00000000fe900000)
  from space 11264K, 99% used [0x00000000ff500000,0x00000000ffffcef0,0x0000000100000000)
  to   space 11776K, 0% used [0x00000000fe900000,0x00000000fe900000,0x00000000ff480000)
 ParOldGen       total 175104K, used 15092K [0x00000000e0000000, 0x00000000eab00000, 0x00000000f5580000)
  object space 175104K, 8% used [0x00000000e0000000,0x00000000e0ebd2a0,0x00000000eab00000)
 Metaspace       used 40831K, capacity 41972K, committed 42112K, reserved 1085440K
  class space    used 5907K, capacity 6251K, committed 6272K, reserved 1048576K
}
Event: 129.469 GC heap before
{Heap before GC invocations=11 (full 2):
 PSYoungGen      total 162304K, used 162291K [0x00000000f5580000, 0x0000000100000000, 0x0000000100000000)
  eden space 151040K, 100% used [0x00000000f5580000,0x00000000fe900000,0x00000000fe900000)
  from space 11264K, 99% used [0x00000000ff500000,0x00000000ffffcef0,0x0000000100000000)
  to   space 11776K, 0% used [0x00000000fe900000,0x00000000fe900000,0x00000000ff480000)
 ParOldGen       total 175104K, used 15092K [0x00000000e0000000, 0x00000000eab00000, 0x00000000f5580000)
  object space 175104K, 8% used [0x00000000e0000000,0x00000000e0ebd2a0,0x00000000eab00000)
 Metaspace       used 44829K, capacity 46188K, committed 46592K, reserved 1089536K
  class space    used 6431K, capacity 6811K, committed 6912K, reserved 1048576K
Event: 129.492 GC heap after
Heap after GC invocations=11 (full 2):
 PSYoungGen      total 162816K, used 11766K [0x00000000f5580000, 0x0000000100000000, 0x0000000100000000)
  eden space 151040K, 0% used [0x00000000f5580000,0x00000000f5580000,0x00000000fe900000)
  from space 11776K, 99% used [0x00000000fe900000,0x00000000ff47d870,0x00000000ff480000)
  to   space 11776K, 0% used [0x00000000ff480000,0x00000000ff480000,0x0000000100000000)
 ParOldGen       total 175104K, used 22819K [0x00000000e0000000, 0x00000000eab00000, 0x00000000f5580000)
  object space 175104K, 13% used [0x00000000e0000000,0x00000000e1648d30,0x00000000eab00000)
 Metaspace       used 44829K, capacity 46188K, committed 46592K, reserved 1089536K
  class space    used 6431K, capacity 6811K, committed 6912K, reserved 1048576K
}

