# JRE version: Java(TM) SE Runtime Environment (8.0_181-b13) (build 1.8.0_181-b13)
# Java VM: Java HotSpot(TM) 64-Bit Server VM (25.181-b13 mixed mode windows-amd64 compressed oops)
Heap:
 PSYoungGen      total 76288K, used 32576K [0x00000000f5580000, 0x00000000feb00000, 0x0000000100000000)
  eden space 65536K, 37% used [0x00000000f5580000,0x00000000f6da63f0,0x00000000f9580000)
  from space 10752K, 72% used [0x00000000f9580000,0x00000000f9d29e60,0x00000000fa000000)
  to   space 11264K, 0% used [0x00000000fe000000,0x00000000fe000000,0x00000000feb00000)
 ParOldGen       total 175104K, used 7538K [0x00000000e0000000, 0x00000000eab00000, 0x00000000f5580000)
  object space 175104K, 4% used [0x00000000e0000000,0x00000000e075cb10,0x00000000eab00000)
 Metaspace       used 29965K, capacity 30572K, committed 30848K, reserved 1075200K
  class space    used 4225K, capacity 4419K, committed 4480K, reserved 1048576K
GC Heap History (10 events):
Event: 17.320 GC heap before
{Heap before GC invocations=2 (full 0):
 PSYoungGen      total 76288K, used 73313K [0x00000000f5580000, 0x00000000faa80000, 0x0000000100000000)
  eden space 65536K, 100% used [0x00000000f5580000,0x00000000f9580000,0x00000000f9580000)
  from space 10752K, 72% used [0x00000000f9580000,0x00000000f9d187a0,0x00000000fa000000)
  to   space 10752K, 0% used [0x00000000fa000000,0x00000000fa000000,0x00000000faa80000)
 ParOldGen       total 175104K, used 16K [0x00000000e0000000, 0x00000000eab00000, 0x00000000f5580000)
  object space 175104K, 0% used [0x00000000e0000000,0x00000000e0004000,0x00000000eab00000)
 Metaspace       used 16236K, capacity 16668K, committed 16896K, reserved 1062912K
  class space    used 2356K, capacity 2492K, committed 2560K, reserved 1048576K
Event: 17.358 GC heap after
Heap after GC invocations=2 (full 0):
 PSYoungGen      total 76288K, used 10354K [0x00000000f5580000, 0x00000000faa80000, 0x0000000100000000)
  eden space 65536K, 0% used [0x00000000f5580000,0x00000000f5580000,0x00000000f9580000)
  from space 10752K, 96% used [0x00000000fa000000,0x00000000faa1c920,0x00000000faa80000)
  to   space 10752K, 0% used [0x00000000f9580000,0x00000000f9580000,0x00000000fa000000)
 ParOldGen       total 175104K, used 24K [0x00000000e0000000, 0x00000000eab00000, 0x00000000f5580000)
  object space 175104K, 0% used [0x00000000e0000000,0x00000000e0006000,0x00000000eab00000)
 Metaspace       used 16236K, capacity 16668K, committed 16896K, reserved 1062912K
  class space    used 2356K, capacity 2492K, committed 2560K, reserved 1048576K
}
Event: 104.715 GC heap before
{Heap before GC invocations=3 (full 0):
 PSYoungGen      total 76288K, used 75890K [0x00000000f5580000, 0x00000000faa80000, 0x0000000100000000)
  eden space 65536K, 100% used [0x00000000f5580000,0x00000000f9580000,0x00000000f9580000)
  from space 10752K, 96% used [0x00000000fa000000,0x00000000faa1c920,0x00000000faa80000)
  to   space 10752K, 0% used [0x00000000f9580000,0x00000000f9580000,0x00000000fa000000)
 ParOldGen       total 175104K, used 24K [0x00000000e0000000, 0x00000000eab00000, 0x00000000f5580000)
  object space 175104K, 0% used [0x00000000e0000000,0x00000000e0006000,0x00000000eab00000)
 Metaspace       used 19699K, capacity 20280K, committed 20608K, reserved 1067008K
  class space    used 2923K, capacity 3126K, committed 3200K, reserved 1048576K
Event: 104.724 GC heap after
Heap after GC invocations=3 (full 0):
 PSYoungGen      total 76288K, used 9765K [0x00000000f5580000, 0x00000000faa80000, 0x0000000100000000)
  eden space 65536K, 0% used [0x00000000f5580000,0x00000000f5580000,0x00000000f9580000)
  from space 10752K, 90% used [0x00000000f9580000,0x00000000f9f09678,0x00000000fa000000)
  to   space 10752K, 0% used [0x00000000fa000000,0x00000000fa000000,0x00000000faa80000)
 ParOldGen       total 175104K, used 32K [0x00000000e0000000, 0x00000000eab00000, 0x00000000f5580000)
  object space 175104K, 0% used [0x00000000e0000000,0x00000000e0008000,0x00000000eab00000)
 Metaspace       used 19699K, capacity 20280K, committed 20608K, reserved 1067008K
  class space    used 2923K, capacity 3126K, committed 3200K, reserved 1048576K
}
Event: 104.815 GC heap before
{Heap before GC invocations=4 (full 0):
 PSYoungGen      total 76288K, used 16355K [0x00000000f5580000, 0x00000000faa80000, 0x0000000100000000)
  eden space 65536K, 10% used [0x00000000f5580000,0x00000000f5bef5a0,0x00000000f9580000)
  from space 10752K, 90% used [0x00000000f9580000,0x00000000f9f09678,0x00000000fa000000)
  to   space 10752K, 0% used [0x00000000fa000000,0x00000000fa000000,0x00000000faa80000)
 ParOldGen       total 175104K, used 32K [0x00000000e0000000, 0x00000000eab00000, 0x00000000f5580000)
  object space 175104K, 0% used [0x00000000e0000000,0x00000000e0008000,0x00000000eab00000)
 Metaspace       used 20550K, capacity 21086K, committed 21248K, reserved 1067008K
  class space    used 3039K, capacity 3224K, committed 3328K, reserved 1048576K
Event: 104.849 GC heap after
Heap after GC invocations=4 (full 0):
 PSYoungGen      total 76288K, used 7652K [0x00000000f5580000, 0x00000000fea80000, 0x0000000100000000)
  eden space 65536K, 0% used [0x00000000f5580000,0x00000000f5580000,0x00000000f9580000)
  from space 10752K, 71% used [0x00000000fa000000,0x00000000fa779120,0x00000000faa80000)
  to   space 10752K, 0% used [0x00000000f9580000,0x00000000f9580000,0x00000000fa000000)
 ParOldGen       total 175104K, used 32K [0x00000000e0000000, 0x00000000eab00000, 0x00000000f5580000)
  object space 175104K, 0% used [0x00000000e0000000,0x00000000e0008000,0x00000000eab00000)
 Metaspace       used 20550K, capacity 21086K, committed 21248K, reserved 1067008K
  class space    used 3039K, capacity 3224K, committed 3328K, reserved 1048576K
}
Event: 104.849 GC heap before
{Heap before GC invocations=5 (full 1):
 PSYoungGen      total 76288K, used 7652K [0x00000000f5580000, 0x00000000fea80000, 0x0000000100000000)
  eden space 65536K, 0% used [0x00000000f5580000,0x00000000f5580000,0x00000000f9580000)
  from space 10752K, 71% used [0x00000000fa000000,0x00000000fa779120,0x00000000faa80000)
  to   space 10752K, 0% used [0x00000000f9580000,0x00000000f9580000,0x00000000fa000000)
 ParOldGen       total 175104K, used 32K [0x00000000e0000000, 0x00000000eab00000, 0x00000000f5580000)
  object space 175104K, 0% used [0x00000000e0000000,0x00000000e0008000,0x00000000eab00000)
 Metaspace       used 20550K, capacity 21086K, committed 21248K, reserved 1067008K
  class space    used 3039K, capacity 3224K, committed 3328K, reserved 1048576K
Event: 104.894 GC heap after
Heap after GC invocations=5 (full 1):
 PSYoungGen      total 76288K, used 0K [0x00000000f5580000, 0x00000000fea80000, 0x0000000100000000)
  eden space 65536K, 0% used [0x00000000f5580000,0x00000000f5580000,0x00000000f9580000)
  from space 10752K, 0% used [0x00000000fa000000,0x00000000fa000000,0x00000000faa80000)
  to   space 10752K, 0% used [0x00000000f9580000,0x00000000f9580000,0x00000000fa000000)
 ParOldGen       total 175104K, used 7530K [0x00000000e0000000, 0x00000000eab00000, 0x00000000f5580000)
  object space 175104K, 4% used [0x00000000e0000000,0x00000000e075ab10,0x00000000eab00000)
 Metaspace       used 20550K, capacity 21086K, committed 21248K, reserved 1067008K
  class space    used 3039K, capacity 3224K, committed 3328K, reserved 1048576K
}
Event: 105.992 GC heap before
{Heap before GC invocations=6 (full 1):
 PSYoungGen      total 76288K, used 65536K [0x00000000f5580000, 0x00000000fea80000, 0x0000000100000000)
  eden space 65536K, 100% used [0x00000000f5580000,0x00000000f9580000,0x00000000f9580000)
  from space 10752K, 0% used [0x00000000fa000000,0x00000000fa000000,0x00000000faa80000)
  to   space 10752K, 0% used [0x00000000f9580000,0x00000000f9580000,0x00000000fa000000)
 ParOldGen       total 175104K, used 7530K [0x00000000e0000000, 0x00000000eab00000, 0x00000000f5580000)
  object space 175104K, 4% used [0x00000000e0000000,0x00000000e075ab10,0x00000000eab00000)
 Metaspace       used 28388K, capacity 28890K, committed 28928K, reserved 1075200K
  class space    used 3960K, capacity 4096K, committed 4096K, reserved 1048576K
Event: 105.996 GC heap after
Heap after GC invocations=6 (full 1):
 PSYoungGen      total 76288K, used 7847K [0x00000000f5580000, 0x00000000feb00000, 0x0000000100000000)
  eden space 65536K, 0% used [0x00000000f5580000,0x00000000f5580000,0x00000000f9580000)
  from space 10752K, 72% used [0x00000000f9580000,0x00000000f9d29e60,0x00000000fa000000)
  to   space 11264K, 0% used [0x00000000fe000000,0x00000000fe000000,0x00000000feb00000)
 ParOldGen       total 175104K, used 7538K [0x00000000e0000000, 0x00000000eab00000, 0x00000000f5580000)
  object space 175104K, 4% used [0x00000000e0000000,0x00000000e075cb10,0x00000000eab00000)
 Metaspace       used 28388K, capacity 28890K, committed 28928K, reserved 1075200K
  class space    used 3960K, capacity 4096K, committed 4096K, reserved 1048576K
}

