# JRE version: Java(TM) SE Runtime Environment (8.0_181-b13) (build 1.8.0_181-b13)
# Java VM: Java HotSpot(TM) 64-Bit Server VM (25.181-b13 mixed mode windows-amd64 compressed oops)
Heap:
 PSYoungGen      total 140800K, used 74812K [0x00000000f5580000, 0x00000000fea00000, 0x0000000100000000)
  eden space 130560K, 51% used [0x00000000f5580000,0x00000000f96c2658,0x00000000fd500000)
  from space 10240K, 77% used [0x00000000fe000000,0x00000000fe7ccb10,0x00000000fea00000)
  to   space 10752K, 0% used [0x00000000fd500000,0x00000000fd500000,0x00000000fdf80000)
 ParOldGen       total 175104K, used 10063K [0x00000000e0000000, 0x00000000eab00000, 0x00000000f5580000)
  object space 175104K, 5% used [0x00000000e0000000,0x00000000e09d3fb8,0x00000000eab00000)
 Metaspace       used 32326K, capacity 33050K, committed 33152K, reserved 1077248K
  class space    used 4490K, capacity 4683K, committed 4736K, reserved 1048576K
GC Heap History (10 events):
Event: 3.833 GC heap before
{Heap before GC invocations=1 (full 0):
 PSYoungGen      total 76288K, used 65536K [0x00000000f5580000, 0x00000000faa80000, 0x0000000100000000)
  eden space 65536K, 100% used [0x00000000f5580000,0x00000000f9580000,0x00000000f9580000)
  from space 10752K, 0% used [0x00000000fa000000,0x00000000fa000000,0x00000000faa80000)
  to   space 10752K, 0% used [0x00000000f9580000,0x00000000f9580000,0x00000000fa000000)
 ParOldGen       total 175104K, used 0K [0x00000000e0000000, 0x00000000eab00000, 0x00000000f5580000)
  object space 175104K, 0% used [0x00000000e0000000,0x00000000e0000000,0x00000000eab00000)
 Metaspace       used 10103K, capacity 10410K, committed 10496K, reserved 1058816K
  class space    used 1376K, capacity 1489K, committed 1536K, reserved 1048576K
Event: 3.844 GC heap after
Heap after GC invocations=1 (full 0):
 PSYoungGen      total 76288K, used 7696K [0x00000000f5580000, 0x00000000faa80000, 0x0000000100000000)
  eden space 65536K, 0% used [0x00000000f5580000,0x00000000f5580000,0x00000000f9580000)
  from space 10752K, 71% used [0x00000000f9580000,0x00000000f9d04228,0x00000000fa000000)
  to   space 10752K, 0% used [0x00000000fa000000,0x00000000fa000000,0x00000000faa80000)
 ParOldGen       total 175104K, used 16K [0x00000000e0000000, 0x00000000eab00000, 0x00000000f5580000)
  object space 175104K, 0% used [0x00000000e0000000,0x00000000e0004000,0x00000000eab00000)
 Metaspace       used 10103K, capacity 10410K, committed 10496K, reserved 1058816K
  class space    used 1376K, capacity 1489K, committed 1536K, reserved 1048576K
}
Event: 8.985 GC heap before
{Heap before GC invocations=2 (full 0):
 PSYoungGen      total 76288K, used 73232K [0x00000000f5580000, 0x00000000faa80000, 0x0000000100000000)
  eden space 65536K, 100% used [0x00000000f5580000,0x00000000f9580000,0x00000000f9580000)
  from space 10752K, 71% used [0x00000000f9580000,0x00000000f9d04228,0x00000000fa000000)
  to   space 10752K, 0% used [0x00000000fa000000,0x00000000fa000000,0x00000000faa80000)
 ParOldGen       total 175104K, used 16K [0x00000000e0000000, 0x00000000eab00000, 0x00000000f5580000)
  object space 175104K, 0% used [0x00000000e0000000,0x00000000e0004000,0x00000000eab00000)
 Metaspace       used 16538K, capacity 16988K, committed 17152K, reserved 1064960K
  class space    used 2404K, capacity 2556K, committed 2560K, reserved 1048576K
Event: 9.535 GC heap after
Heap after GC invocations=2 (full 0):
 PSYoungGen      total 76288K, used 10725K [0x00000000f5580000, 0x00000000fea80000, 0x0000000100000000)
  eden space 65536K, 0% used [0x00000000f5580000,0x00000000f5580000,0x00000000f9580000)
  from space 10752K, 99% used [0x00000000fa000000,0x00000000faa795f0,0x00000000faa80000)
  to   space 10752K, 0% used [0x00000000f9580000,0x00000000f9580000,0x00000000fa000000)
 ParOldGen       total 175104K, used 24K [0x00000000e0000000, 0x00000000eab00000, 0x00000000f5580000)
  object space 175104K, 0% used [0x00000000e0000000,0x00000000e0006000,0x00000000eab00000)
 Metaspace       used 16538K, capacity 16988K, committed 17152K, reserved 1064960K
  class space    used 2404K, capacity 2556K, committed 2560K, reserved 1048576K
}
Event: 81.815 GC heap before
{Heap before GC invocations=3 (full 0):
 PSYoungGen      total 76288K, used 75787K [0x00000000f5580000, 0x00000000fea80000, 0x0000000100000000)
  eden space 65536K, 99% used [0x00000000f5580000,0x00000000f9509690,0x00000000f9580000)
  from space 10752K, 99% used [0x00000000fa000000,0x00000000faa795f0,0x00000000faa80000)
  to   space 10752K, 0% used [0x00000000f9580000,0x00000000f9580000,0x00000000fa000000)
 ParOldGen       total 175104K, used 24K [0x00000000e0000000, 0x00000000eab00000, 0x00000000f5580000)
  object space 175104K, 0% used [0x00000000e0000000,0x00000000e0006000,0x00000000eab00000)
 Metaspace       used 20562K, capacity 21086K, committed 21248K, reserved 1067008K
  class space    used 3037K, capacity 3224K, committed 3328K, reserved 1048576K
Event: 81.821 GC heap after
Heap after GC invocations=3 (full 0):
 PSYoungGen      total 76288K, used 10434K [0x00000000f5580000, 0x00000000fea80000, 0x0000000100000000)
  eden space 65536K, 0% used [0x00000000f5580000,0x00000000f5580000,0x00000000f9580000)
  from space 10752K, 97% used [0x00000000f9580000,0x00000000f9fb0b98,0x00000000fa000000)
  to   space 10752K, 0% used [0x00000000fe000000,0x00000000fe000000,0x00000000fea80000)
 ParOldGen       total 175104K, used 32K [0x00000000e0000000, 0x00000000eab00000, 0x00000000f5580000)
  object space 175104K, 0% used [0x00000000e0000000,0x00000000e0008000,0x00000000eab00000)
 Metaspace       used 20562K, capacity 21086K, committed 21248K, reserved 1067008K
  class space    used 3037K, capacity 3224K, committed 3328K, reserved 1048576K
}
Event: 81.821 GC heap before
{Heap before GC invocations=4 (full 1):
 PSYoungGen      total 76288K, used 10434K [0x00000000f5580000, 0x00000000fea80000, 0x0000000100000000)
  eden space 65536K, 0% used [0x00000000f5580000,0x00000000f5580000,0x00000000f9580000)
  from space 10752K, 97% used [0x00000000f9580000,0x00000000f9fb0b98,0x00000000fa000000)
  to   space 10752K, 0% used [0x00000000fe000000,0x00000000fe000000,0x00000000fea80000)
 ParOldGen       total 175104K, used 32K [0x00000000e0000000, 0x00000000eab00000, 0x00000000f5580000)
  object space 175104K, 0% used [0x00000000e0000000,0x00000000e0008000,0x00000000eab00000)
 Metaspace       used 20562K, capacity 21086K, committed 21248K, reserved 1067008K
  class space    used 3037K, capacity 3224K, committed 3328K, reserved 1048576K
Event: 81.844 GC heap after
Heap after GC invocations=4 (full 1):
 PSYoungGen      total 76288K, used 0K [0x00000000f5580000, 0x00000000fea80000, 0x0000000100000000)
  eden space 65536K, 0% used [0x00000000f5580000,0x00000000f5580000,0x00000000f9580000)
  from space 10752K, 0% used [0x00000000f9580000,0x00000000f9580000,0x00000000fa000000)
  to   space 10752K, 0% used [0x00000000fe000000,0x00000000fe000000,0x00000000fea80000)
 ParOldGen       total 175104K, used 10055K [0x00000000e0000000, 0x00000000eab00000, 0x00000000f5580000)
  object space 175104K, 5% used [0x00000000e0000000,0x00000000e09d1fb8,0x00000000eab00000)
 Metaspace       used 20562K, capacity 21086K, committed 21248K, reserved 1067008K
  class space    used 3037K, capacity 3224K, committed 3328K, reserved 1048576K
}
Event: 82.314 GC heap before
{Heap before GC invocations=5 (full 1):
 PSYoungGen      total 76288K, used 65536K [0x00000000f5580000, 0x00000000fea80000, 0x0000000100000000)
  eden space 65536K, 100% used [0x00000000f5580000,0x00000000f9580000,0x00000000f9580000)
  from space 10752K, 0% used [0x00000000f9580000,0x00000000f9580000,0x00000000fa000000)
  to   space 10752K, 0% used [0x00000000fe000000,0x00000000fe000000,0x00000000fea80000)
 ParOldGen       total 175104K, used 10055K [0x00000000e0000000, 0x00000000eab00000, 0x00000000f5580000)
  object space 175104K, 5% used [0x00000000e0000000,0x00000000e09d1fb8,0x00000000eab00000)
 Metaspace       used 28375K, capacity 28890K, committed 28928K, reserved 1075200K
  class space    used 3960K, capacity 4096K, committed 4096K, reserved 1048576K
Event: 82.320 GC heap after
Heap after GC invocations=5 (full 1):
 PSYoungGen      total 140800K, used 7986K [0x00000000f5580000, 0x00000000fea00000, 0x0000000100000000)
  eden space 130560K, 0% used [0x00000000f5580000,0x00000000f5580000,0x00000000fd500000)
  from space 10240K, 77% used [0x00000000fe000000,0x00000000fe7ccb10,0x00000000fea00000)
  to   space 10752K, 0% used [0x00000000fd500000,0x00000000fd500000,0x00000000fdf80000)
 ParOldGen       total 175104K, used 10063K [0x00000000e0000000, 0x00000000eab00000, 0x00000000f5580000)
  object space 175104K, 5% used [0x00000000e0000000,0x00000000e09d3fb8,0x00000000eab00000)
 Metaspace       used 28375K, capacity 28890K, committed 28928K, reserved 1075200K
  class space    used 3960K, capacity 4096K, committed 4096K, reserved 1048576K
}

