# JRE version: Java(TM) SE Runtime Environment (8.0_181-b13) (build 1.8.0_181-b13)
# Java VM: Java HotSpot(TM) 64-Bit Server VM (25.181-b13 mixed mode windows-amd64 compressed oops)
Heap:
 PSYoungGen      total 162304K, used 43078K [0x00000000f5580000, 0x0000000100000000, 0x0000000100000000)
  eden space 151040K, 21% used [0x00000000f5580000,0x00000000f74ad380,0x00000000fe900000)
  from space 11264K, 99% used [0x00000000ff480000,0x00000000fff64848,0x00000000fff80000)
  to   space 11776K, 0% used [0x00000000fe900000,0x00000000fe900000,0x00000000ff480000)
 ParOldGen       total 175104K, used 15060K [0x00000000e0000000, 0x00000000eab00000, 0x00000000f5580000)
  object space 175104K, 8% used [0x00000000e0000000,0x00000000e0eb5308,0x00000000eab00000)
 Metaspace       used 41192K, capacity 42418K, committed 42752K, reserved 1085440K
  class space    used 5945K, capacity 6297K, committed 6400K, reserved 1048576K
GC Heap History (10 events):
Event: 90.675 GC heap before
{Heap before GC invocations=6 (full 1):
 PSYoungGen      total 76288K, used 65536K [0x00000000f5580000, 0x00000000fea80000, 0x0000000100000000)
  eden space 65536K, 100% used [0x00000000f5580000,0x00000000f9580000,0x00000000f9580000)
  from space 10752K, 0% used [0x00000000fa000000,0x00000000fa000000,0x00000000faa80000)
  to   space 10752K, 0% used [0x00000000f9580000,0x00000000f9580000,0x00000000fa000000)
 ParOldGen       total 175104K, used 7091K [0x00000000e0000000, 0x00000000eab00000, 0x00000000f5580000)
  object space 175104K, 4% used [0x00000000e0000000,0x00000000e06ecf00,0x00000000eab00000)
 Metaspace       used 28440K, capacity 28986K, committed 29312K, reserved 1075200K
  class space    used 3968K, capacity 4128K, committed 4224K, reserved 1048576K
Event: 90.679 GC heap after
Heap after GC invocations=6 (full 1):
 PSYoungGen      total 76288K, used 7912K [0x00000000f5580000, 0x00000000fec80000, 0x0000000100000000)
  eden space 65536K, 0% used [0x00000000f5580000,0x00000000f5580000,0x00000000f9580000)
  from space 10752K, 73% used [0x00000000f9580000,0x00000000f9d3a008,0x00000000fa000000)
  to   space 11776K, 0% used [0x00000000fe100000,0x00000000fe100000,0x00000000fec80000)
 ParOldGen       total 175104K, used 7099K [0x00000000e0000000, 0x00000000eab00000, 0x00000000f5580000)
  object space 175104K, 4% used [0x00000000e0000000,0x00000000e06eef00,0x00000000eab00000)
 Metaspace       used 28440K, capacity 28986K, committed 29312K, reserved 1075200K
  class space    used 3968K, capacity 4128K, committed 4224K, reserved 1048576K
}
Event: 132.987 GC heap before
{Heap before GC invocations=7 (full 1):
 PSYoungGen      total 76288K, used 73448K [0x00000000f5580000, 0x00000000fec80000, 0x0000000100000000)
  eden space 65536K, 100% used [0x00000000f5580000,0x00000000f9580000,0x00000000f9580000)
  from space 10752K, 73% used [0x00000000f9580000,0x00000000f9d3a008,0x00000000fa000000)
  to   space 11776K, 0% used [0x00000000fe100000,0x00000000fe100000,0x00000000fec80000)
 ParOldGen       total 175104K, used 7099K [0x00000000e0000000, 0x00000000eab00000, 0x00000000f5580000)
  object space 175104K, 4% used [0x00000000e0000000,0x00000000e06eef00,0x00000000eab00000)
 Metaspace       used 32115K, capacity 32840K, committed 33152K, reserved 1077248K
  class space    used 4454K, capacity 4678K, committed 4736K, reserved 1048576K
Event: 132.996 GC heap after
Heap after GC invocations=7 (full 1):
 PSYoungGen      total 141824K, used 7856K [0x00000000f5580000, 0x00000000fec00000, 0x0000000100000000)
  eden space 130560K, 0% used [0x00000000f5580000,0x00000000f5580000,0x00000000fd500000)
  from space 11264K, 69% used [0x00000000fe100000,0x00000000fe8ac010,0x00000000fec00000)
  to   space 11776K, 0% used [0x00000000fd500000,0x00000000fd500000,0x00000000fe080000)
 ParOldGen       total 175104K, used 7107K [0x00000000e0000000, 0x00000000eab00000, 0x00000000f5580000)
  object space 175104K, 4% used [0x00000000e0000000,0x00000000e06f0f00,0x00000000eab00000)
 Metaspace       used 32115K, capacity 32840K, committed 33152K, reserved 1077248K
  class space    used 4454K, capacity 4678K, committed 4736K, reserved 1048576K
}
Event: 137.776 GC heap before
{Heap before GC invocations=8 (full 1):
 PSYoungGen      total 141824K, used 48906K [0x00000000f5580000, 0x00000000fec00000, 0x0000000100000000)
  eden space 130560K, 31% used [0x00000000f5580000,0x00000000f7d96b28,0x00000000fd500000)
  from space 11264K, 69% used [0x00000000fe100000,0x00000000fe8ac010,0x00000000fec00000)
  to   space 11776K, 0% used [0x00000000fd500000,0x00000000fd500000,0x00000000fe080000)
 ParOldGen       total 175104K, used 7107K [0x00000000e0000000, 0x00000000eab00000, 0x00000000f5580000)
  object space 175104K, 4% used [0x00000000e0000000,0x00000000e06f0f00,0x00000000eab00000)
 Metaspace       used 34609K, capacity 35318K, committed 35416K, reserved 1079296K
  class space    used 4855K, capacity 5049K, committed 5120K, reserved 1048576K
Event: 137.817 GC heap after
Heap after GC invocations=8 (full 1):
 PSYoungGen      total 142336K, used 8622K [0x00000000f5580000, 0x00000000fff80000, 0x0000000100000000)
  eden space 130560K, 0% used [0x00000000f5580000,0x00000000f5580000,0x00000000fd500000)
  from space 11776K, 73% used [0x00000000fd500000,0x00000000fdd6ba38,0x00000000fe080000)
  to   space 11264K, 0% used [0x00000000ff480000,0x00000000ff480000,0x00000000fff80000)
 ParOldGen       total 175104K, used 7115K [0x00000000e0000000, 0x00000000eab00000, 0x00000000f5580000)
  object space 175104K, 4% used [0x00000000e0000000,0x00000000e06f2f00,0x00000000eab00000)
 Metaspace       used 34609K, capacity 35318K, committed 35416K, reserved 1079296K
  class space    used 4855K, capacity 5049K, committed 5120K, reserved 1048576K
}
Event: 137.817 GC heap before
{Heap before GC invocations=9 (full 2):
 PSYoungGen      total 142336K, used 8622K [0x00000000f5580000, 0x00000000fff80000, 0x0000000100000000)
  eden space 130560K, 0% used [0x00000000f5580000,0x00000000f5580000,0x00000000fd500000)
  from space 11776K, 73% used [0x00000000fd500000,0x00000000fdd6ba38,0x00000000fe080000)
  to   space 11264K, 0% used [0x00000000ff480000,0x00000000ff480000,0x00000000fff80000)
 ParOldGen       total 175104K, used 7115K [0x00000000e0000000, 0x00000000eab00000, 0x00000000f5580000)
  object space 175104K, 4% used [0x00000000e0000000,0x00000000e06f2f00,0x00000000eab00000)
 Metaspace       used 34609K, capacity 35318K, committed 35416K, reserved 1079296K
  class space    used 4855K, capacity 5049K, committed 5120K, reserved 1048576K
Event: 137.911 GC heap after
Heap after GC invocations=9 (full 2):
 PSYoungGen      total 142336K, used 0K [0x00000000f5580000, 0x00000000fff80000, 0x0000000100000000)
  eden space 130560K, 0% used [0x00000000f5580000,0x00000000f5580000,0x00000000fd500000)
  from space 11776K, 0% used [0x00000000fd500000,0x00000000fd500000,0x00000000fe080000)
  to   space 11264K, 0% used [0x00000000ff480000,0x00000000ff480000,0x00000000fff80000)
 ParOldGen       total 175104K, used 15052K [0x00000000e0000000, 0x00000000eab00000, 0x00000000f5580000)
  object space 175104K, 8% used [0x00000000e0000000,0x00000000e0eb3308,0x00000000eab00000)
 Metaspace       used 34609K, capacity 35318K, committed 35416K, reserved 1079296K
  class space    used 4855K, capacity 5049K, committed 5120K, reserved 1048576K
}
Event: 144.371 GC heap before
{Heap before GC invocations=10 (full 2):
 PSYoungGen      total 142336K, used 130560K [0x00000000f5580000, 0x00000000fff80000, 0x0000000100000000)
  eden space 130560K, 100% used [0x00000000f5580000,0x00000000fd500000,0x00000000fd500000)
  from space 11776K, 0% used [0x00000000fd500000,0x00000000fd500000,0x00000000fe080000)
  to   space 11264K, 0% used [0x00000000ff480000,0x00000000ff480000,0x00000000fff80000)
 ParOldGen       total 175104K, used 15052K [0x00000000e0000000, 0x00000000eab00000, 0x00000000f5580000)
  object space 175104K, 8% used [0x00000000e0000000,0x00000000e0eb3308,0x00000000eab00000)
 Metaspace       used 40861K, capacity 41980K, committed 42112K, reserved 1085440K
  class space    used 5897K, capacity 6238K, committed 6272K, reserved 1048576K
Event: 144.472 GC heap after
Heap after GC invocations=10 (full 2):
 PSYoungGen      total 162304K, used 11154K [0x00000000f5580000, 0x0000000100000000, 0x0000000100000000)
  eden space 151040K, 0% used [0x00000000f5580000,0x00000000f5580000,0x00000000fe900000)
  from space 11264K, 99% used [0x00000000ff480000,0x00000000fff64848,0x00000000fff80000)
  to   space 11776K, 0% used [0x00000000fe900000,0x00000000fe900000,0x00000000ff480000)
 ParOldGen       total 175104K, used 15060K [0x00000000e0000000, 0x00000000eab00000, 0x00000000f5580000)
  object space 175104K, 8% used [0x00000000e0000000,0x00000000e0eb5308,0x00000000eab00000)
 Metaspace       used 40861K, capacity 41980K, committed 42112K, reserved 1085440K
  class space    used 5897K, capacity 6238K, committed 6272K, reserved 1048576K
}

